<?xml version="1.0" encoding="UTF-8"?>
<testsuite xmlns:xsi="http://www.w3.org/2001/XMLSchema-instance" xsi:noNamespaceSchemaLocation="https://maven.apache.org/surefire/maven-surefire-plugin/xsd/surefire-test-report.xsd" name="com.fabricedev.productserv.ProductServApplicationTests" time="34.12" tests="1" errors="1" skipped="0" failures="0">
  <properties>
[...]
</properties>
  <testcase name="shouldCreateProduct" classname="com.fabricedev.productserv.ProductServApplicationTests" time="0.225">
    <error message="Cannot invoke &quot;org.testcontainers.shaded.com.fasterxml.jackson.databind.ObjectMapper.writeValueAsString(Object)&quot; because &quot;this.objectMapper&quot; is null" type="java.lang.NullPointerException">java.lang.NullPointerException: Cannot invoke "org.testcontainers.shaded.com.fasterxml.jackson.databind.ObjectMapper.writeValueAsString(Object)" because "this.objectMapper" is null
	at com.fabricedev.productserv.ProductServApplicationTests.shouldCreateProduct(ProductServApplicationTests.java:48)
</error>
    <system-out><![CDATA[20:48:19.308 [main] DEBUG org.springframework.test.context.BootstrapUtils - Instantiating CacheAwareContextLoaderDelegate from class [org.springframework.test.context.cache.DefaultCacheAwareContextLoaderDelegate]
20:48:19.313 [main] DEBUG org.springframework.test.context.BootstrapUtils - Instantiating BootstrapContext using constructor [public org.springframework.test.context.support.DefaultBootstrapContext(java.lang.Class,org.springframework.test.context.CacheAwareContextLoaderDelegate)]
20:48:19.328 [main] DEBUG org.springframework.test.context.BootstrapUtils - Instantiating TestContextBootstrapper for test class [com.fabricedev.productserv.ProductServApplicationTests] from class [org.springframework.boot.test.context.SpringBootTestContextBootstrapper]
20:48:19.334 [main] INFO org.springframework.boot.test.context.SpringBootTestContextBootstrapper - Neither @ContextConfiguration nor @ContextHierarchy found for test class [com.fabricedev.productserv.ProductServApplicationTests], using SpringBootContextLoader
20:48:19.335 [main] DEBUG org.springframework.test.context.support.AbstractContextLoader - Did not detect default resource location for test class [com.fabricedev.productserv.ProductServApplicationTests]: class path resource [com/fabricedev/productserv/ProductServApplicationTests-context.xml] does not exist
20:48:19.335 [main] DEBUG org.springframework.test.context.support.AbstractContextLoader - Did not detect default resource location for test class [com.fabricedev.productserv.ProductServApplicationTests]: class path resource [com/fabricedev/productserv/ProductServApplicationTestsContext.groovy] does not exist
20:48:19.335 [main] INFO org.springframework.test.context.support.AbstractContextLoader - Could not detect default resource locations for test class [com.fabricedev.productserv.ProductServApplicationTests]: no resource found for suffixes {-context.xml, Context.groovy}.
20:48:19.335 [main] INFO org.springframework.test.context.support.AnnotationConfigContextLoaderUtils - Could not detect default configuration classes for test class [com.fabricedev.productserv.ProductServApplicationTests]: ProductServApplicationTests does not declare any static, non-private, non-final, nested classes annotated with @Configuration.
20:48:19.361 [main] DEBUG org.springframework.test.context.support.ActiveProfilesUtils - Could not find an 'annotation declaring class' for annotation type [org.springframework.test.context.ActiveProfiles] and class [com.fabricedev.productserv.ProductServApplicationTests]
20:48:19.386 [main] DEBUG org.springframework.context.annotation.ClassPathScanningCandidateComponentProvider - Identified candidate component class: file [/Users/fabricefoko/Documents/Projets_JAVA/microservices-new/product-serv/target/classes/com/fabricedev/productserv/ProductServApplication.class]
20:48:19.387 [main] INFO org.springframework.boot.test.context.SpringBootTestContextBootstrapper - Found @SpringBootConfiguration com.fabricedev.productserv.ProductServApplication for test class com.fabricedev.productserv.ProductServApplicationTests
20:48:19.437 [main] DEBUG org.springframework.boot.test.context.SpringBootTestContextBootstrapper - @TestExecutionListeners is not present for class [com.fabricedev.productserv.ProductServApplicationTests]: using defaults.
20:48:19.437 [main] INFO org.springframework.boot.test.context.SpringBootTestContextBootstrapper - Loaded default TestExecutionListener class names from location [META-INF/spring.factories]: [org.springframework.boot.test.mock.mockito.MockitoTestExecutionListener, org.springframework.boot.test.mock.mockito.ResetMocksTestExecutionListener, org.springframework.boot.test.autoconfigure.restdocs.RestDocsTestExecutionListener, org.springframework.boot.test.autoconfigure.web.client.MockRestServiceServerResetTestExecutionListener, org.springframework.boot.test.autoconfigure.web.servlet.MockMvcPrintOnlyOnFailureTestExecutionListener, org.springframework.boot.test.autoconfigure.web.servlet.WebDriverTestExecutionListener, org.springframework.boot.test.autoconfigure.webservices.client.MockWebServiceServerTestExecutionListener, org.springframework.test.context.web.ServletTestExecutionListener, org.springframework.test.context.support.DirtiesContextBeforeModesTestExecutionListener, org.springframework.test.context.event.ApplicationEventsTestExecutionListener, org.springframework.test.context.support.DependencyInjectionTestExecutionListener, org.springframework.test.context.support.DirtiesContextTestExecutionListener, org.springframework.test.context.transaction.TransactionalTestExecutionListener, org.springframework.test.context.jdbc.SqlScriptsTestExecutionListener, org.springframework.test.context.event.EventPublishingTestExecutionListener]
20:48:19.444 [main] INFO org.springframework.boot.test.context.SpringBootTestContextBootstrapper - Using TestExecutionListeners: [org.springframework.test.context.web.ServletTestExecutionListener@24ba9639, org.springframework.test.context.support.DirtiesContextBeforeModesTestExecutionListener@38aa816f, org.springframework.test.context.event.ApplicationEventsTestExecutionListener@53f6fd09, org.springframework.boot.test.mock.mockito.MockitoTestExecutionListener@6bffbc6d, org.springframework.boot.test.autoconfigure.SpringBootDependencyInjectionTestExecutionListener@1b84f475, org.springframework.test.context.support.DirtiesContextTestExecutionListener@7749bf93, org.springframework.test.context.transaction.TransactionalTestExecutionListener@13330ac6, org.springframework.test.context.jdbc.SqlScriptsTestExecutionListener@539d019, org.springframework.test.context.event.EventPublishingTestExecutionListener@39a2bb97, org.springframework.boot.test.mock.mockito.ResetMocksTestExecutionListener@3ad2e17, org.springframework.boot.test.autoconfigure.restdocs.RestDocsTestExecutionListener@8c3619e, org.springframework.boot.test.autoconfigure.web.client.MockRestServiceServerResetTestExecutionListener@4331d187, org.springframework.boot.test.autoconfigure.web.servlet.MockMvcPrintOnlyOnFailureTestExecutionListener@6f63b475, org.springframework.boot.test.autoconfigure.web.servlet.WebDriverTestExecutionListener@554e218, org.springframework.boot.test.autoconfigure.webservices.client.MockWebServiceServerTestExecutionListener@1608bcbd]
20:48:19.447 [main] DEBUG org.springframework.test.context.support.AbstractDirtiesContextTestExecutionListener - Before test class: context [DefaultTestContext@7e4204e2 testClass = ProductServApplicationTests, testInstance = [null], testMethod = [null], testException = [null], mergedContextConfiguration = [WebMergedContextConfiguration@b7c4869 testClass = ProductServApplicationTests, locations = '{}', classes = '{class com.fabricedev.productserv.ProductServApplication}', contextInitializerClasses = '[]', activeProfiles = '{}', propertySourceLocations = '{}', propertySourceProperties = '{org.springframework.boot.test.context.SpringBootTestContextBootstrapper=true}', contextCustomizers = set[[ImportsContextCustomizer@740d2e78 key = [org.springframework.boot.test.autoconfigure.web.servlet.MockMvcAutoConfiguration, org.springframework.boot.test.autoconfigure.web.servlet.MockMvcWebClientAutoConfiguration, org.springframework.boot.test.autoconfigure.web.servlet.MockMvcWebDriverAutoConfiguration, org.springframework.boot.autoconfigure.security.oauth2.client.servlet.OAuth2ClientAutoConfiguration, org.springframework.boot.autoconfigure.security.oauth2.resource.servlet.OAuth2ResourceServerAutoConfiguration, org.springframework.boot.autoconfigure.security.servlet.SecurityAutoConfiguration, org.springframework.boot.autoconfigure.security.servlet.SecurityFilterAutoConfiguration, org.springframework.boot.autoconfigure.security.servlet.UserDetailsServiceAutoConfiguration, org.springframework.boot.test.autoconfigure.web.servlet.MockMvcSecurityConfiguration, org.springframework.boot.test.autoconfigure.web.reactive.WebTestClientAutoConfiguration]], org.springframework.boot.test.context.filter.ExcludeFilterContextCustomizer@2c35e847, org.springframework.boot.test.json.DuplicateJsonObjectContextCustomizerFactory$DuplicateJsonObjectContextCustomizer@5ba3f27a, org.springframework.boot.test.mock.mockito.MockitoContextCustomizer@0, org.springframework.boot.test.web.client.TestRestTemplateContextCustomizer@6e0f5f7f, org.springframework.boot.test.autoconfigure.actuate.metrics.MetricsExportContextCustomizerFactory$DisableMetricExportContextCustomizer@53ce1329, org.springframework.boot.test.autoconfigure.properties.PropertyMappingContextCustomizer@4b3fa0b3, org.springframework.boot.test.autoconfigure.web.servlet.WebDriverContextCustomizerFactory$Customizer@51e69659, org.springframework.test.context.support.DynamicPropertiesContextCustomizer@ea09d6f4, org.springframework.boot.test.context.SpringBootTestArgs@1, org.springframework.boot.test.context.SpringBootTestWebEnvironment@1e6d1014], resourceBasePath = 'src/main/webapp', contextLoader = 'org.springframework.boot.test.context.SpringBootContextLoader', parent = [null]], attributes = map['org.springframework.test.context.web.ServletTestExecutionListener.activateListener' -> true]], class annotated with @DirtiesContext [false] with mode [null].
20:48:19.482 [main] DEBUG org.testcontainers.utility.TestcontainersConfiguration - Testcontainers configuration overrides will be loaded from file:/Users/fabricefoko/.testcontainers.properties
20:48:19.494 [main] WARN org.testcontainers.utility.TestcontainersConfiguration - Attempted to read Testcontainers configuration file at file:/Users/fabricefoko/.testcontainers.properties but the file was not found. Exception message: FileNotFoundException: /Users/fabricefoko/.testcontainers.properties (No such file or directory)
20:48:19.496 [main] INFO org.testcontainers.utility.ImageNameSubstitutor - Image name substitution will be performed by: DefaultImageNameSubstitutor (composite of 'ConfigurationFileImageNameSubstitutor' and 'PrefixingImageNameSubstitutor')
20:48:19.510 [main] DEBUG org.testcontainers.dockerclient.DockerClientProviderStrategy - Trying out strategy: UnixSocketClientProviderStrategy
20:48:19.649 [main] DEBUG org.testcontainers.shaded.com.github.dockerjava.core.command.AbstrDockerCmd - Cmd: 
20:48:19.658 [main] DEBUG com.github.dockerjava.zerodep.shaded.org.apache.hc.client5.http.impl.classic.InternalHttpClient - ex-00000001: preparing request execution
20:48:19.659 [main] DEBUG com.github.dockerjava.zerodep.shaded.org.apache.hc.client5.http.protocol.RequestAddCookies - Cookie spec selected: strict
20:48:19.661 [main] DEBUG com.github.dockerjava.zerodep.shaded.org.apache.hc.client5.http.protocol.RequestAuthCache - Auth cache not set in the context
20:48:19.661 [main] DEBUG com.github.dockerjava.zerodep.shaded.org.apache.hc.client5.http.impl.classic.ProtocolExec - ex-00000001: target auth state: UNCHALLENGED
20:48:19.661 [main] DEBUG com.github.dockerjava.zerodep.shaded.org.apache.hc.client5.http.impl.classic.ProtocolExec - ex-00000001: proxy auth state: UNCHALLENGED
20:48:19.661 [main] DEBUG com.github.dockerjava.zerodep.shaded.org.apache.hc.client5.http.impl.classic.ConnectExec - ex-00000001: acquiring connection with route {}->unix://localhost:2375
20:48:19.661 [main] DEBUG com.github.dockerjava.zerodep.shaded.org.apache.hc.client5.http.impl.classic.InternalHttpClient - ex-00000001: acquiring endpoint (3 MINUTES)
20:48:19.661 [main] DEBUG com.github.dockerjava.zerodep.shaded.org.apache.hc.client5.http.impl.io.PoolingHttpClientConnectionManager - ex-00000001: endpoint lease request (3 MINUTES) [route: {}->unix://localhost:2375][total available: 0; route allocated: 0 of 2147483647; total allocated: 0 of 2147483647]
20:48:19.663 [main] DEBUG com.github.dockerjava.zerodep.shaded.org.apache.hc.client5.http.impl.io.PoolingHttpClientConnectionManager - ex-00000001: endpoint leased [route: {}->unix://localhost:2375][total available: 0; route allocated: 1 of 2147483647; total allocated: 1 of 2147483647]
20:48:19.668 [main] DEBUG com.github.dockerjava.zerodep.shaded.org.apache.hc.client5.http.impl.io.PoolingHttpClientConnectionManager - ex-00000001: acquired ep-00000000
20:48:19.668 [main] DEBUG com.github.dockerjava.zerodep.shaded.org.apache.hc.client5.http.impl.classic.InternalHttpClient - ex-00000001: acquired endpoint ep-00000000
20:48:19.668 [main] DEBUG com.github.dockerjava.zerodep.shaded.org.apache.hc.client5.http.impl.classic.ConnectExec - ex-00000001: opening connection {}->unix://localhost:2375
20:48:19.668 [main] DEBUG com.github.dockerjava.zerodep.shaded.org.apache.hc.client5.http.impl.classic.InternalHttpClient - ep-00000000: connecting endpoint (3 MINUTES)
20:48:19.669 [main] DEBUG com.github.dockerjava.zerodep.shaded.org.apache.hc.client5.http.impl.io.PoolingHttpClientConnectionManager - ep-00000000: connecting endpoint to unix://localhost:2375 (3 MINUTES)
20:48:19.686 [main] DEBUG com.github.dockerjava.zerodep.shaded.org.apache.hc.client5.http.impl.io.DefaultHttpClientConnectionOperator - http-outgoing-0: connecting to localhost/127.0.0.1:2375
20:48:19.686 [main] DEBUG com.github.dockerjava.zerodep.shaded.org.apache.hc.client5.http.impl.io.DefaultHttpClientConnectionOperator - http-outgoing-0: connection established /var/run/docker.sock<->/var/run/docker.sock
20:48:19.687 [main] DEBUG com.github.dockerjava.zerodep.shaded.org.apache.hc.client5.http.impl.io.PoolingHttpClientConnectionManager - ep-00000000: connected http-outgoing-0
20:48:19.687 [main] DEBUG com.github.dockerjava.zerodep.shaded.org.apache.hc.client5.http.impl.classic.InternalHttpClient - ep-00000000: endpoint connected
20:48:19.687 [main] DEBUG com.github.dockerjava.zerodep.shaded.org.apache.hc.client5.http.impl.classic.MainClientExec - ex-00000001: executing GET /v1.32/info HTTP/1.1
20:48:19.687 [main] DEBUG com.github.dockerjava.zerodep.shaded.org.apache.hc.client5.http.impl.classic.InternalHttpClient - ep-00000000: start execution ex-00000001
20:48:19.687 [main] DEBUG com.github.dockerjava.zerodep.shaded.org.apache.hc.client5.http.impl.io.PoolingHttpClientConnectionManager - ep-00000000: executing exchange ex-00000001 over http-outgoing-0
20:48:19.687 [main] DEBUG com.github.dockerjava.zerodep.shaded.org.apache.hc.client5.http.headers - http-outgoing-0 >> GET /v1.32/info HTTP/1.1
20:48:19.688 [main] DEBUG com.github.dockerjava.zerodep.shaded.org.apache.hc.client5.http.headers - http-outgoing-0 >> x-tc-sid: 79c75580-927c-468d-9dfa-ca38cb35a17d
20:48:19.688 [main] DEBUG com.github.dockerjava.zerodep.shaded.org.apache.hc.client5.http.headers - http-outgoing-0 >> Accept-Encoding: gzip, x-gzip, deflate
20:48:19.688 [main] DEBUG com.github.dockerjava.zerodep.shaded.org.apache.hc.client5.http.headers - http-outgoing-0 >> Host: localhost:2375
20:48:19.688 [main] DEBUG com.github.dockerjava.zerodep.shaded.org.apache.hc.client5.http.headers - http-outgoing-0 >> Connection: keep-alive
20:48:19.688 [main] DEBUG com.github.dockerjava.zerodep.shaded.org.apache.hc.client5.http.headers - http-outgoing-0 >> User-Agent: Apache-HttpClient/5.0.3 (Java/17.0.2)
20:48:19.688 [main] DEBUG com.github.dockerjava.zerodep.shaded.org.apache.hc.client5.http.wire - http-outgoing-0 >> "GET /v1.32/info HTTP/1.1[\r][\n]"
20:48:19.688 [main] DEBUG com.github.dockerjava.zerodep.shaded.org.apache.hc.client5.http.wire - http-outgoing-0 >> "x-tc-sid: 79c75580-927c-468d-9dfa-ca38cb35a17d[\r][\n]"
20:48:19.688 [main] DEBUG com.github.dockerjava.zerodep.shaded.org.apache.hc.client5.http.wire - http-outgoing-0 >> "Accept-Encoding: gzip, x-gzip, deflate[\r][\n]"
20:48:19.688 [main] DEBUG com.github.dockerjava.zerodep.shaded.org.apache.hc.client5.http.wire - http-outgoing-0 >> "Host: localhost:2375[\r][\n]"
20:48:19.688 [main] DEBUG com.github.dockerjava.zerodep.shaded.org.apache.hc.client5.http.wire - http-outgoing-0 >> "Connection: keep-alive[\r][\n]"
20:48:19.688 [main] DEBUG com.github.dockerjava.zerodep.shaded.org.apache.hc.client5.http.wire - http-outgoing-0 >> "User-Agent: Apache-HttpClient/5.0.3 (Java/17.0.2)[\r][\n]"
20:48:19.688 [main] DEBUG com.github.dockerjava.zerodep.shaded.org.apache.hc.client5.http.wire - http-outgoing-0 >> "[\r][\n]"
20:48:20.046 [main] DEBUG com.github.dockerjava.zerodep.shaded.org.apache.hc.client5.http.wire - http-outgoing-0 << "HTTP/1.1 200 OK[\r][\n]"
20:48:20.046 [main] DEBUG com.github.dockerjava.zerodep.shaded.org.apache.hc.client5.http.wire - http-outgoing-0 << "Api-Version: 1.41[\r][\n]"
20:48:20.046 [main] DEBUG com.github.dockerjava.zerodep.shaded.org.apache.hc.client5.http.wire - http-outgoing-0 << "Content-Type: application/json[\r][\n]"
20:48:20.046 [main] DEBUG com.github.dockerjava.zerodep.shaded.org.apache.hc.client5.http.wire - http-outgoing-0 << "Date: Fri, 19 Aug 2022 00:48:20 GMT[\r][\n]"
20:48:20.046 [main] DEBUG com.github.dockerjava.zerodep.shaded.org.apache.hc.client5.http.wire - http-outgoing-0 << "Docker-Experimental: false[\r][\n]"
20:48:20.047 [main] DEBUG com.github.dockerjava.zerodep.shaded.org.apache.hc.client5.http.wire - http-outgoing-0 << "Ostype: linux[\r][\n]"
20:48:20.047 [main] DEBUG com.github.dockerjava.zerodep.shaded.org.apache.hc.client5.http.wire - http-outgoing-0 << "Server: Docker/20.10.14 (linux)[\r][\n]"
20:48:20.047 [main] DEBUG com.github.dockerjava.zerodep.shaded.org.apache.hc.client5.http.wire - http-outgoing-0 << "Transfer-Encoding: chunked[\r][\n]"
20:48:20.047 [main] DEBUG com.github.dockerjava.zerodep.shaded.org.apache.hc.client5.http.wire - http-outgoing-0 << "[\r][\n]"
20:48:20.050 [main] DEBUG com.github.dockerjava.zerodep.shaded.org.apache.hc.client5.http.headers - http-outgoing-0 << HTTP/1.1 200 OK
20:48:20.050 [main] DEBUG com.github.dockerjava.zerodep.shaded.org.apache.hc.client5.http.headers - http-outgoing-0 << Api-Version: 1.41
20:48:20.050 [main] DEBUG com.github.dockerjava.zerodep.shaded.org.apache.hc.client5.http.headers - http-outgoing-0 << Content-Type: application/json
20:48:20.050 [main] DEBUG com.github.dockerjava.zerodep.shaded.org.apache.hc.client5.http.headers - http-outgoing-0 << Date: Fri, 19 Aug 2022 00:48:20 GMT
20:48:20.050 [main] DEBUG com.github.dockerjava.zerodep.shaded.org.apache.hc.client5.http.headers - http-outgoing-0 << Docker-Experimental: false
20:48:20.050 [main] DEBUG com.github.dockerjava.zerodep.shaded.org.apache.hc.client5.http.headers - http-outgoing-0 << Ostype: linux
20:48:20.050 [main] DEBUG com.github.dockerjava.zerodep.shaded.org.apache.hc.client5.http.headers - http-outgoing-0 << Server: Docker/20.10.14 (linux)
20:48:20.050 [main] DEBUG com.github.dockerjava.zerodep.shaded.org.apache.hc.client5.http.headers - http-outgoing-0 << Transfer-Encoding: chunked
20:48:20.052 [main] DEBUG com.github.dockerjava.zerodep.shaded.org.apache.hc.client5.http.impl.classic.MainClientExec - ex-00000001: connection can be kept alive for 3 MINUTES
20:48:20.055 [main] DEBUG com.github.dockerjava.zerodep.shaded.org.apache.hc.client5.http.wire - http-outgoing-0 << "9b8[\r][\n]"
20:48:20.055 [main] DEBUG com.github.dockerjava.zerodep.shaded.org.apache.hc.client5.http.wire - http-outgoing-0 << "{"ID":"TMA2:H745:LSAS:MYTC:5MGT:E6EN:27G6:GDAK:WIB2:3C2T:MNOZ:K63H","Containers":12,"ContainersRunning":10,"ContainersPaused":0,"ContainersStopped":2,"Images":12,"Driver":"overlay2","DriverStatus":[["Backing Filesystem","extfs"],["Supports d_type","true"],["Native Overlay Diff","true"],["userxattr","false"]],"Plugins":{"Volume":["local"],"Network":["bridge","host","ipvlan","macvlan","null","overlay"],"Authorization":null,"Log":["awslogs","fluentd","gcplogs","gelf","journald","json-file","local","logentries","splunk","syslog"]},"MemoryLimit":true,"SwapLimit":true,"KernelMemory":false,"KernelMemoryTCP":false,"CpuCfsPeriod":true,"CpuCfsQuota":true,"CPUShares":true,"CPUSet":true,"PidsLimit":true,"IPv4Forwarding":true,"BridgeNfIptables":true,"BridgeNfIp6tables":true,"Debug":false,"NFd":54,"OomKillDisable":false,"NGoroutines":54,"SystemTime":"2022-08-19T00:48:19.812809178Z","LoggingDriver":"json-file","CgroupDriver":"cgroupfs","CgroupVersion":"2","NEventsListener":4,"KernelVersion":"5.10.104-linuxkit","OperatingSystem":"Docker Desktop","OSVersion":"","OSType":"linux","Architecture":"aarch64","IndexServerAddress":"https://index.docker.io/v1/","RegistryConfig":{"AllowNondistributableArtifactsCIDRs":[],"AllowNondistributableArtifactsHostnames":[],"InsecureRegistryCIDRs":["127.0.0.0/8"],"IndexConfigs":{"docker.io":{"Name":"docker.io","Mirrors":[],"Secure":true,"Official":true},"hubproxy.docker.internal:5000":{"Name":"hubproxy.docker.internal:5000","Mirrors":[],"Secure":false,"Official":false}},"Mirrors":[]},"NCPU":5,"MemTotal":8232747008,"GenericResources":null,"DockerRootDir":"/var/lib/docker","HttpProxy":"http.docker.internal:3128","HttpsProxy":"http.docker.internal:3128","NoProxy":"hubproxy.docker.internal","Name":"docker-desktop","Labels":[],"ExperimentalBuild":false,"ServerVersion":"20.10.14","Runtimes":{"io.containerd.runc.v2":{"path":"runc"},"io.containerd.runtime.v1.linux":{"path":"runc"},"runc":{"path":"runc"}},"DefaultRuntime":"runc","Swarm":{"NodeID":"","NodeAddr":"","LocalNodeState":"inactive","ControlAvailable":false,"Error":"","RemoteManagers":null},"LiveRestoreEnabled":false,"Isolation":"","InitBinary":"docker-init","ContainerdCommit":{"ID":"3df54a852345ae127d1fa3092b95168e4a88e2f8","Expected":"3df54a852345ae127d1fa3092b95168e4a88e2f8"},"RuncCommit":{"ID":"v1.0.3-0-gf46b6ba","Expected":"v1.0.3-0-gf46b6ba"},"InitCommit":{"ID":"de40ad0","Expected":"de40ad0"},"SecurityOptions":["name=seccomp,profile=default","name=cgroupns"],"Warnings":null}[\n]"
20:48:20.055 [main] DEBUG com.github.dockerjava.zerodep.shaded.org.apache.hc.client5.http.wire - http-outgoing-0 << "[\r][\n]"
20:48:20.055 [main] DEBUG com.github.dockerjava.zerodep.shaded.org.apache.hc.client5.http.wire - http-outgoing-0 << "0[\r][\n]"
20:48:20.055 [main] DEBUG com.github.dockerjava.zerodep.shaded.org.apache.hc.client5.http.wire - http-outgoing-0 << "[\r][\n]"
20:48:20.118 [main] DEBUG com.github.dockerjava.zerodep.shaded.org.apache.hc.client5.http.impl.classic.InternalHttpClient - ep-00000000: releasing valid endpoint
20:48:20.118 [main] DEBUG com.github.dockerjava.zerodep.shaded.org.apache.hc.client5.http.impl.io.PoolingHttpClientConnectionManager - ep-00000000: releasing endpoint
20:48:20.118 [main] DEBUG com.github.dockerjava.zerodep.shaded.org.apache.hc.client5.http.impl.io.PoolingHttpClientConnectionManager - ep-00000000: connection http-outgoing-0 can be kept alive for 3 MINUTES
20:48:20.118 [main] DEBUG com.github.dockerjava.zerodep.shaded.org.apache.hc.client5.http.impl.io.PoolingHttpClientConnectionManager - ep-00000000: connection released [route: {}->unix://localhost:2375][total available: 1; route allocated: 1 of 2147483647; total allocated: 1 of 2147483647]
20:48:20.118 [main] INFO org.testcontainers.dockerclient.DockerClientProviderStrategy - Found Docker environment with local Unix socket (unix:///var/run/docker.sock)
20:48:20.119 [main] DEBUG org.testcontainers.dockerclient.DockerClientProviderStrategy - Transport type: 'httpclient5', Docker host: 'unix:///var/run/docker.sock'
20:48:20.119 [main] DEBUG org.testcontainers.dockerclient.DockerClientProviderStrategy - Checking Docker OS type for local Unix socket (unix:///var/run/docker.sock)
20:48:20.126 [main] INFO org.testcontainers.DockerClientFactory - Docker host IP address is localhost
20:48:20.126 [main] DEBUG org.testcontainers.DockerClientFactory - Docker info: {NGoroutines=54, Name=docker-desktop, Swarm={NodeID=, NodeAddr=, LocalNodeState=inactive, ControlAvailable=false, Error=, RemoteManagers=null}, RuncCommit={ID=v1.0.3-0-gf46b6ba, Expected=v1.0.3-0-gf46b6ba}, OSVersion=, Runtimes={io.containerd.runc.v2={path=runc}, io.containerd.runtime.v1.linux={path=runc}, runc={path=runc}}, ID=TMA2:H745:LSAS:MYTC:5MGT:E6EN:27G6:GDAK:WIB2:3C2T:MNOZ:K63H, DriverStatus=[[Backing Filesystem, extfs], [Supports d_type, true], [Native Overlay Diff, true], [userxattr, false]], BridgeNfIptables=true, LiveRestoreEnabled=false, SystemTime=2022-08-19T00:48:19.812809178Z, NoProxy=hubproxy.docker.internal, Architecture=aarch64, NEventsListener=4, HttpsProxy=http.docker.internal:3128, Images=12, ContainersRunning=10, Labels=[], InitCommit={ID=de40ad0, Expected=de40ad0}, NFd=54, KernelVersion=5.10.104-linuxkit, LoggingDriver=json-file, OSType=linux, SecurityOptions=[name=seccomp,profile=default, name=cgroupns], ContainerdCommit={ID=3df54a852345ae127d1fa3092b95168e4a88e2f8, Expected=3df54a852345ae127d1fa3092b95168e4a88e2f8}, GenericResources=null, KernelMemory=false, OperatingSystem=Docker Desktop, RegistryConfig={AllowNondistributableArtifactsCIDRs=[], AllowNondistributableArtifactsHostnames=[], InsecureRegistryCIDRs=[127.0.0.0/8], IndexConfigs={docker.io={Name=docker.io, Mirrors=[], Secure=true, Official=true}, hubproxy.docker.internal:5000={Name=hubproxy.docker.internal:5000, Mirrors=[], Secure=false, Official=false}}, Mirrors=[]}, ServerVersion=20.10.14, OomKillDisable=false, CpuCfsQuota=true, Containers=12, Driver=overlay2, KernelMemoryTCP=false, IPv4Forwarding=true, ExperimentalBuild=false, DockerRootDir=/var/lib/docker, CPUSet=true, CpuCfsPeriod=true, DefaultRuntime=runc, CPUShares=true, Debug=false, NCPU=5, Plugins={Volume=[local], Network=[bridge, host, ipvlan, macvlan, null, overlay], Authorization=null, Log=[awslogs, fluentd, gcplogs, gelf, journald, json-file, local, logentries, splunk, syslog]}, SwapLimit=true, CgroupDriver=cgroupfs, ContainersPaused=0, MemTotal=8232747008, IndexServerAddress=https://index.docker.io/v1/, MemoryLimit=true, HttpProxy=http.docker.internal:3128, InitBinary=docker-init, CgroupVersion=2, PidsLimit=true, Isolation=, BridgeNfIp6tables=true, Warnings=null, ContainersStopped=2}
20:48:20.128 [main] DEBUG org.testcontainers.shaded.com.github.dockerjava.core.command.AbstrDockerCmd - Cmd: 
20:48:20.129 [main] DEBUG com.github.dockerjava.zerodep.shaded.org.apache.hc.client5.http.impl.classic.InternalHttpClient - ex-00000002: preparing request execution
20:48:20.129 [main] DEBUG com.github.dockerjava.zerodep.shaded.org.apache.hc.client5.http.protocol.RequestAddCookies - Cookie spec selected: strict
20:48:20.129 [main] DEBUG com.github.dockerjava.zerodep.shaded.org.apache.hc.client5.http.protocol.RequestAuthCache - Auth cache not set in the context
20:48:20.129 [main] DEBUG com.github.dockerjava.zerodep.shaded.org.apache.hc.client5.http.impl.classic.ProtocolExec - ex-00000002: target auth state: UNCHALLENGED
20:48:20.129 [main] DEBUG com.github.dockerjava.zerodep.shaded.org.apache.hc.client5.http.impl.classic.ProtocolExec - ex-00000002: proxy auth state: UNCHALLENGED
20:48:20.129 [main] DEBUG com.github.dockerjava.zerodep.shaded.org.apache.hc.client5.http.impl.classic.ConnectExec - ex-00000002: acquiring connection with route {}->unix://localhost:2375
20:48:20.129 [main] DEBUG com.github.dockerjava.zerodep.shaded.org.apache.hc.client5.http.impl.classic.InternalHttpClient - ex-00000002: acquiring endpoint (3 MINUTES)
20:48:20.129 [main] DEBUG com.github.dockerjava.zerodep.shaded.org.apache.hc.client5.http.impl.io.PoolingHttpClientConnectionManager - ex-00000002: endpoint lease request (3 MINUTES) [route: {}->unix://localhost:2375][total available: 1; route allocated: 1 of 2147483647; total allocated: 1 of 2147483647]
20:48:20.129 [main] DEBUG com.github.dockerjava.zerodep.shaded.org.apache.hc.client5.http.impl.io.PoolingHttpClientConnectionManager - ex-00000002: endpoint leased [route: {}->unix://localhost:2375][total available: 0; route allocated: 1 of 2147483647; total allocated: 1 of 2147483647]
20:48:20.129 [main] DEBUG com.github.dockerjava.zerodep.shaded.org.apache.hc.client5.http.impl.io.PoolingHttpClientConnectionManager - ex-00000002: acquired ep-00000001
20:48:20.129 [main] DEBUG com.github.dockerjava.zerodep.shaded.org.apache.hc.client5.http.impl.classic.InternalHttpClient - ex-00000002: acquired endpoint ep-00000001
20:48:20.129 [main] DEBUG com.github.dockerjava.zerodep.shaded.org.apache.hc.client5.http.impl.classic.MainClientExec - ex-00000002: executing GET /v1.32/version HTTP/1.1
20:48:20.129 [main] DEBUG com.github.dockerjava.zerodep.shaded.org.apache.hc.client5.http.impl.classic.InternalHttpClient - ep-00000001: start execution ex-00000002
20:48:20.129 [main] DEBUG com.github.dockerjava.zerodep.shaded.org.apache.hc.client5.http.impl.io.PoolingHttpClientConnectionManager - ep-00000001: executing exchange ex-00000002 over http-outgoing-0
20:48:20.129 [main] DEBUG com.github.dockerjava.zerodep.shaded.org.apache.hc.client5.http.headers - http-outgoing-0 >> GET /v1.32/version HTTP/1.1
20:48:20.129 [main] DEBUG com.github.dockerjava.zerodep.shaded.org.apache.hc.client5.http.headers - http-outgoing-0 >> accept: application/json
20:48:20.129 [main] DEBUG com.github.dockerjava.zerodep.shaded.org.apache.hc.client5.http.headers - http-outgoing-0 >> x-tc-sid: 79c75580-927c-468d-9dfa-ca38cb35a17d
20:48:20.130 [main] DEBUG com.github.dockerjava.zerodep.shaded.org.apache.hc.client5.http.headers - http-outgoing-0 >> Accept-Encoding: gzip, x-gzip, deflate
20:48:20.130 [main] DEBUG com.github.dockerjava.zerodep.shaded.org.apache.hc.client5.http.headers - http-outgoing-0 >> Host: localhost:2375
20:48:20.130 [main] DEBUG com.github.dockerjava.zerodep.shaded.org.apache.hc.client5.http.headers - http-outgoing-0 >> Connection: keep-alive
20:48:20.130 [main] DEBUG com.github.dockerjava.zerodep.shaded.org.apache.hc.client5.http.headers - http-outgoing-0 >> User-Agent: Apache-HttpClient/5.0.3 (Java/17.0.2)
20:48:20.130 [main] DEBUG com.github.dockerjava.zerodep.shaded.org.apache.hc.client5.http.wire - http-outgoing-0 >> "GET /v1.32/version HTTP/1.1[\r][\n]"
20:48:20.130 [main] DEBUG com.github.dockerjava.zerodep.shaded.org.apache.hc.client5.http.wire - http-outgoing-0 >> "accept: application/json[\r][\n]"
20:48:20.130 [main] DEBUG com.github.dockerjava.zerodep.shaded.org.apache.hc.client5.http.wire - http-outgoing-0 >> "x-tc-sid: 79c75580-927c-468d-9dfa-ca38cb35a17d[\r][\n]"
20:48:20.130 [main] DEBUG com.github.dockerjava.zerodep.shaded.org.apache.hc.client5.http.wire - http-outgoing-0 >> "Accept-Encoding: gzip, x-gzip, deflate[\r][\n]"
20:48:20.130 [main] DEBUG com.github.dockerjava.zerodep.shaded.org.apache.hc.client5.http.wire - http-outgoing-0 >> "Host: localhost:2375[\r][\n]"
20:48:20.130 [main] DEBUG com.github.dockerjava.zerodep.shaded.org.apache.hc.client5.http.wire - http-outgoing-0 >> "Connection: keep-alive[\r][\n]"
20:48:20.130 [main] DEBUG com.github.dockerjava.zerodep.shaded.org.apache.hc.client5.http.wire - http-outgoing-0 >> "User-Agent: Apache-HttpClient/5.0.3 (Java/17.0.2)[\r][\n]"
20:48:20.130 [main] DEBUG com.github.dockerjava.zerodep.shaded.org.apache.hc.client5.http.wire - http-outgoing-0 >> "[\r][\n]"
20:48:20.166 [main] DEBUG com.github.dockerjava.zerodep.shaded.org.apache.hc.client5.http.wire - http-outgoing-0 << "HTTP/1.1 200 OK[\r][\n]"
20:48:20.166 [main] DEBUG com.github.dockerjava.zerodep.shaded.org.apache.hc.client5.http.wire - http-outgoing-0 << "Api-Version: 1.41[\r][\n]"
20:48:20.166 [main] DEBUG com.github.dockerjava.zerodep.shaded.org.apache.hc.client5.http.wire - http-outgoing-0 << "Content-Type: application/json[\r][\n]"
20:48:20.166 [main] DEBUG com.github.dockerjava.zerodep.shaded.org.apache.hc.client5.http.wire - http-outgoing-0 << "Date: Fri, 19 Aug 2022 00:48:20 GMT[\r][\n]"
20:48:20.166 [main] DEBUG com.github.dockerjava.zerodep.shaded.org.apache.hc.client5.http.wire - http-outgoing-0 << "Docker-Experimental: false[\r][\n]"
20:48:20.166 [main] DEBUG com.github.dockerjava.zerodep.shaded.org.apache.hc.client5.http.wire - http-outgoing-0 << "Ostype: linux[\r][\n]"
20:48:20.166 [main] DEBUG com.github.dockerjava.zerodep.shaded.org.apache.hc.client5.http.wire - http-outgoing-0 << "Server: Docker/20.10.14 (linux)[\r][\n]"
20:48:20.166 [main] DEBUG com.github.dockerjava.zerodep.shaded.org.apache.hc.client5.http.wire - http-outgoing-0 << "Transfer-Encoding: chunked[\r][\n]"
20:48:20.166 [main] DEBUG com.github.dockerjava.zerodep.shaded.org.apache.hc.client5.http.wire - http-outgoing-0 << "[\r][\n]"
20:48:20.166 [main] DEBUG com.github.dockerjava.zerodep.shaded.org.apache.hc.client5.http.headers - http-outgoing-0 << HTTP/1.1 200 OK
20:48:20.166 [main] DEBUG com.github.dockerjava.zerodep.shaded.org.apache.hc.client5.http.headers - http-outgoing-0 << Api-Version: 1.41
20:48:20.166 [main] DEBUG com.github.dockerjava.zerodep.shaded.org.apache.hc.client5.http.headers - http-outgoing-0 << Content-Type: application/json
20:48:20.166 [main] DEBUG com.github.dockerjava.zerodep.shaded.org.apache.hc.client5.http.headers - http-outgoing-0 << Date: Fri, 19 Aug 2022 00:48:20 GMT
20:48:20.166 [main] DEBUG com.github.dockerjava.zerodep.shaded.org.apache.hc.client5.http.headers - http-outgoing-0 << Docker-Experimental: false
20:48:20.166 [main] DEBUG com.github.dockerjava.zerodep.shaded.org.apache.hc.client5.http.headers - http-outgoing-0 << Ostype: linux
20:48:20.166 [main] DEBUG com.github.dockerjava.zerodep.shaded.org.apache.hc.client5.http.headers - http-outgoing-0 << Server: Docker/20.10.14 (linux)
20:48:20.166 [main] DEBUG com.github.dockerjava.zerodep.shaded.org.apache.hc.client5.http.headers - http-outgoing-0 << Transfer-Encoding: chunked
20:48:20.166 [main] DEBUG com.github.dockerjava.zerodep.shaded.org.apache.hc.client5.http.impl.classic.MainClientExec - ex-00000002: connection can be kept alive for 3 MINUTES
20:48:20.170 [main] DEBUG com.github.dockerjava.zerodep.shaded.org.apache.hc.client5.http.wire - http-outgoing-0 << "33f[\r][\n]"
20:48:20.170 [main] DEBUG com.github.dockerjava.zerodep.shaded.org.apache.hc.client5.http.wire - http-outgoing-0 << "{"Platform":{"Name":"Docker Desktop 4.8.2 (79419)"},"Components":[{"Name":"Engine","Version":"20.10.14","Details":{"ApiVersion":"1.41","Arch":"arm64","BuildTime":"2022-03-24T01:45:44.000000000+00:00","Experimental":"false","GitCommit":"87a90dc","GoVersion":"go1.16.15","KernelVersion":"5.10.104-linuxkit","MinAPIVersion":"1.12","Os":"linux"}},{"Name":"containerd","Version":"1.5.11","Details":{"GitCommit":"3df54a852345ae127d1fa3092b95168e4a88e2f8"}},{"Name":"runc","Version":"1.0.3","Details":{"GitCommit":"v1.0.3-0-gf46b6ba"}},{"Name":"docker-init","Version":"0.19.0","Details":{"GitCommit":"de40ad0"}}],"Version":"20.10.14","ApiVersion":"1.41","MinAPIVersion":"1.12","GitCommit":"87a90dc","GoVersion":"go1.16.15","Os":"linux","Arch":"arm64","KernelVersion":"5.10.104-linuxkit","BuildTime":"2022-03-24T01:45:44.000000000+00:00"}[\n]"
20:48:20.170 [main] DEBUG com.github.dockerjava.zerodep.shaded.org.apache.hc.client5.http.wire - http-outgoing-0 << "[\r][\n]"
20:48:20.174 [main] DEBUG com.github.dockerjava.zerodep.shaded.org.apache.hc.client5.http.wire - http-outgoing-0 << "0[\r][\n]"
20:48:20.174 [main] DEBUG com.github.dockerjava.zerodep.shaded.org.apache.hc.client5.http.wire - http-outgoing-0 << "[\r][\n]"
20:48:20.174 [main] DEBUG com.github.dockerjava.zerodep.shaded.org.apache.hc.client5.http.impl.classic.InternalHttpClient - ep-00000001: releasing valid endpoint
20:48:20.174 [main] DEBUG com.github.dockerjava.zerodep.shaded.org.apache.hc.client5.http.impl.io.PoolingHttpClientConnectionManager - ep-00000001: releasing endpoint
20:48:20.174 [main] DEBUG com.github.dockerjava.zerodep.shaded.org.apache.hc.client5.http.impl.io.PoolingHttpClientConnectionManager - ep-00000001: connection http-outgoing-0 can be kept alive for 3 MINUTES
20:48:20.174 [main] DEBUG com.github.dockerjava.zerodep.shaded.org.apache.hc.client5.http.impl.io.PoolingHttpClientConnectionManager - ep-00000001: connection released [route: {}->unix://localhost:2375][total available: 1; route allocated: 1 of 2147483647; total allocated: 1 of 2147483647]
20:48:20.174 [main] DEBUG org.testcontainers.DockerClientFactory - Docker version: {Components=[{Name=Engine, Version=20.10.14, Details={ApiVersion=1.41, Arch=arm64, BuildTime=2022-03-24T01:45:44.000000000+00:00, Experimental=false, GitCommit=87a90dc, GoVersion=go1.16.15, KernelVersion=5.10.104-linuxkit, MinAPIVersion=1.12, Os=linux}}, {Name=containerd, Version=1.5.11, Details={GitCommit=3df54a852345ae127d1fa3092b95168e4a88e2f8}}, {Name=runc, Version=1.0.3, Details={GitCommit=v1.0.3-0-gf46b6ba}}, {Name=docker-init, Version=0.19.0, Details={GitCommit=de40ad0}}], KernelVersion=5.10.104-linuxkit, ApiVersion=1.41, Platform={Name=Docker Desktop 4.8.2 (79419)}, GitCommit=87a90dc, Os=linux, Version=20.10.14, MinAPIVersion=1.12, Arch=arm64, GoVersion=go1.16.15, BuildTime=2022-03-24T01:45:44.000000000+00:00}
20:48:20.174 [main] INFO org.testcontainers.DockerClientFactory - Connected to docker: 
  Server Version: 20.10.14
  API Version: 1.41
  Operating System: Docker Desktop
  Total Memory: 7851 MB
20:48:20.178 [main] DEBUG org.testcontainers.utility.RyukResourceReaper - Ryuk is enabled
20:48:20.180 [main] DEBUG org.testcontainers.utility.PrefixingImageNameSubstitutor - No prefix is configured
20:48:20.180 [main] DEBUG org.testcontainers.utility.ImageNameSubstitutor - Did not find a substitute image for testcontainers/ryuk:0.3.3 (using image substitutor: DefaultImageNameSubstitutor (composite of 'ConfigurationFileImageNameSubstitutor' and 'PrefixingImageNameSubstitutor'))
20:48:20.181 [main] DEBUG org.testcontainers.shaded.com.github.dockerjava.core.command.AbstrDockerCmd - Cmd: ListImagesCmdImpl[filters=org.testcontainers.shaded.com.github.dockerjava.core.util.FiltersBuilder@0,imageNameFilter=<null>,showAll=false]
20:48:20.182 [main] DEBUG com.github.dockerjava.zerodep.shaded.org.apache.hc.client5.http.impl.classic.InternalHttpClient - ex-00000003: preparing request execution
20:48:20.182 [main] DEBUG com.github.dockerjava.zerodep.shaded.org.apache.hc.client5.http.protocol.RequestAddCookies - Cookie spec selected: strict
20:48:20.182 [main] DEBUG com.github.dockerjava.zerodep.shaded.org.apache.hc.client5.http.protocol.RequestAuthCache - Auth cache not set in the context
20:48:20.182 [main] DEBUG com.github.dockerjava.zerodep.shaded.org.apache.hc.client5.http.impl.classic.ProtocolExec - ex-00000003: target auth state: UNCHALLENGED
20:48:20.182 [main] DEBUG com.github.dockerjava.zerodep.shaded.org.apache.hc.client5.http.impl.classic.ProtocolExec - ex-00000003: proxy auth state: UNCHALLENGED
20:48:20.182 [main] DEBUG com.github.dockerjava.zerodep.shaded.org.apache.hc.client5.http.impl.classic.ConnectExec - ex-00000003: acquiring connection with route {}->unix://localhost:2375
20:48:20.182 [main] DEBUG com.github.dockerjava.zerodep.shaded.org.apache.hc.client5.http.impl.classic.InternalHttpClient - ex-00000003: acquiring endpoint (3 MINUTES)
20:48:20.182 [main] DEBUG com.github.dockerjava.zerodep.shaded.org.apache.hc.client5.http.impl.io.PoolingHttpClientConnectionManager - ex-00000003: endpoint lease request (3 MINUTES) [route: {}->unix://localhost:2375][total available: 1; route allocated: 1 of 2147483647; total allocated: 1 of 2147483647]
20:48:20.182 [main] DEBUG com.github.dockerjava.zerodep.shaded.org.apache.hc.client5.http.impl.io.PoolingHttpClientConnectionManager - ex-00000003: endpoint leased [route: {}->unix://localhost:2375][total available: 0; route allocated: 1 of 2147483647; total allocated: 1 of 2147483647]
20:48:20.182 [main] DEBUG com.github.dockerjava.zerodep.shaded.org.apache.hc.client5.http.impl.io.PoolingHttpClientConnectionManager - ex-00000003: acquired ep-00000002
20:48:20.182 [main] DEBUG com.github.dockerjava.zerodep.shaded.org.apache.hc.client5.http.impl.classic.InternalHttpClient - ex-00000003: acquired endpoint ep-00000002
20:48:20.182 [main] DEBUG com.github.dockerjava.zerodep.shaded.org.apache.hc.client5.http.impl.classic.MainClientExec - ex-00000003: executing GET /v1.32/images/json HTTP/1.1
20:48:20.182 [main] DEBUG com.github.dockerjava.zerodep.shaded.org.apache.hc.client5.http.impl.classic.InternalHttpClient - ep-00000002: start execution ex-00000003
20:48:20.182 [main] DEBUG com.github.dockerjava.zerodep.shaded.org.apache.hc.client5.http.impl.io.PoolingHttpClientConnectionManager - ep-00000002: executing exchange ex-00000003 over http-outgoing-0
20:48:20.182 [main] DEBUG com.github.dockerjava.zerodep.shaded.org.apache.hc.client5.http.headers - http-outgoing-0 >> GET /v1.32/images/json HTTP/1.1
20:48:20.182 [main] DEBUG com.github.dockerjava.zerodep.shaded.org.apache.hc.client5.http.headers - http-outgoing-0 >> accept: application/json
20:48:20.182 [main] DEBUG com.github.dockerjava.zerodep.shaded.org.apache.hc.client5.http.headers - http-outgoing-0 >> x-tc-sid: 79c75580-927c-468d-9dfa-ca38cb35a17d
20:48:20.182 [main] DEBUG com.github.dockerjava.zerodep.shaded.org.apache.hc.client5.http.headers - http-outgoing-0 >> Accept-Encoding: gzip, x-gzip, deflate
20:48:20.182 [main] DEBUG com.github.dockerjava.zerodep.shaded.org.apache.hc.client5.http.headers - http-outgoing-0 >> Host: localhost:2375
20:48:20.182 [main] DEBUG com.github.dockerjava.zerodep.shaded.org.apache.hc.client5.http.headers - http-outgoing-0 >> Connection: keep-alive
20:48:20.182 [main] DEBUG com.github.dockerjava.zerodep.shaded.org.apache.hc.client5.http.headers - http-outgoing-0 >> User-Agent: Apache-HttpClient/5.0.3 (Java/17.0.2)
20:48:20.182 [main] DEBUG com.github.dockerjava.zerodep.shaded.org.apache.hc.client5.http.wire - http-outgoing-0 >> "GET /v1.32/images/json HTTP/1.1[\r][\n]"
20:48:20.182 [main] DEBUG com.github.dockerjava.zerodep.shaded.org.apache.hc.client5.http.wire - http-outgoing-0 >> "accept: application/json[\r][\n]"
20:48:20.182 [main] DEBUG com.github.dockerjava.zerodep.shaded.org.apache.hc.client5.http.wire - http-outgoing-0 >> "x-tc-sid: 79c75580-927c-468d-9dfa-ca38cb35a17d[\r][\n]"
20:48:20.182 [main] DEBUG com.github.dockerjava.zerodep.shaded.org.apache.hc.client5.http.wire - http-outgoing-0 >> "Accept-Encoding: gzip, x-gzip, deflate[\r][\n]"
20:48:20.182 [main] DEBUG com.github.dockerjava.zerodep.shaded.org.apache.hc.client5.http.wire - http-outgoing-0 >> "Host: localhost:2375[\r][\n]"
20:48:20.182 [main] DEBUG com.github.dockerjava.zerodep.shaded.org.apache.hc.client5.http.wire - http-outgoing-0 >> "Connection: keep-alive[\r][\n]"
20:48:20.182 [main] DEBUG com.github.dockerjava.zerodep.shaded.org.apache.hc.client5.http.wire - http-outgoing-0 >> "User-Agent: Apache-HttpClient/5.0.3 (Java/17.0.2)[\r][\n]"
20:48:20.182 [main] DEBUG com.github.dockerjava.zerodep.shaded.org.apache.hc.client5.http.wire - http-outgoing-0 >> "[\r][\n]"
20:48:20.229 [main] DEBUG com.github.dockerjava.zerodep.shaded.org.apache.hc.client5.http.wire - http-outgoing-0 << "HTTP/1.1 200 OK[\r][\n]"
20:48:20.229 [main] DEBUG com.github.dockerjava.zerodep.shaded.org.apache.hc.client5.http.wire - http-outgoing-0 << "Api-Version: 1.41[\r][\n]"
20:48:20.229 [main] DEBUG com.github.dockerjava.zerodep.shaded.org.apache.hc.client5.http.wire - http-outgoing-0 << "Content-Type: application/json[\r][\n]"
20:48:20.229 [main] DEBUG com.github.dockerjava.zerodep.shaded.org.apache.hc.client5.http.wire - http-outgoing-0 << "Date: Fri, 19 Aug 2022 00:48:20 GMT[\r][\n]"
20:48:20.229 [main] DEBUG com.github.dockerjava.zerodep.shaded.org.apache.hc.client5.http.wire - http-outgoing-0 << "Docker-Experimental: false[\r][\n]"
20:48:20.229 [main] DEBUG com.github.dockerjava.zerodep.shaded.org.apache.hc.client5.http.wire - http-outgoing-0 << "Ostype: linux[\r][\n]"
20:48:20.229 [main] DEBUG com.github.dockerjava.zerodep.shaded.org.apache.hc.client5.http.wire - http-outgoing-0 << "Server: Docker/20.10.14 (linux)[\r][\n]"
20:48:20.229 [main] DEBUG com.github.dockerjava.zerodep.shaded.org.apache.hc.client5.http.wire - http-outgoing-0 << "Transfer-Encoding: chunked[\r][\n]"
20:48:20.229 [main] DEBUG com.github.dockerjava.zerodep.shaded.org.apache.hc.client5.http.wire - http-outgoing-0 << "[\r][\n]"
20:48:20.229 [main] DEBUG com.github.dockerjava.zerodep.shaded.org.apache.hc.client5.http.headers - http-outgoing-0 << HTTP/1.1 200 OK
20:48:20.229 [main] DEBUG com.github.dockerjava.zerodep.shaded.org.apache.hc.client5.http.headers - http-outgoing-0 << Api-Version: 1.41
20:48:20.229 [main] DEBUG com.github.dockerjava.zerodep.shaded.org.apache.hc.client5.http.headers - http-outgoing-0 << Content-Type: application/json
20:48:20.229 [main] DEBUG com.github.dockerjava.zerodep.shaded.org.apache.hc.client5.http.headers - http-outgoing-0 << Date: Fri, 19 Aug 2022 00:48:20 GMT
20:48:20.229 [main] DEBUG com.github.dockerjava.zerodep.shaded.org.apache.hc.client5.http.headers - http-outgoing-0 << Docker-Experimental: false
20:48:20.229 [main] DEBUG com.github.dockerjava.zerodep.shaded.org.apache.hc.client5.http.headers - http-outgoing-0 << Ostype: linux
20:48:20.229 [main] DEBUG com.github.dockerjava.zerodep.shaded.org.apache.hc.client5.http.headers - http-outgoing-0 << Server: Docker/20.10.14 (linux)
20:48:20.229 [main] DEBUG com.github.dockerjava.zerodep.shaded.org.apache.hc.client5.http.headers - http-outgoing-0 << Transfer-Encoding: chunked
20:48:20.229 [main] DEBUG com.github.dockerjava.zerodep.shaded.org.apache.hc.client5.http.impl.classic.MainClientExec - ex-00000003: connection can be kept alive for 3 MINUTES
20:48:20.229 [main] DEBUG com.github.dockerjava.zerodep.shaded.org.apache.hc.client5.http.wire - http-outgoing-0 << "4d52[\r][\n]"
20:48:20.230 [main] DEBUG com.github.dockerjava.zerodep.shaded.org.apache.hc.client5.http.wire - http-outgoing-0 << "[{"Containers":-1,"Created":1657847921,"Id":"sha256:a7f8c6af1385e5f27fc3787e8acf654c8872886f0b9975dd9821849b42f28c6a","Labels":{"architecture":"arm64","build-date":"2022-06-17T04:19:24.046256","com.redhat.build-host":"arm-003.osbs.prod.upshift.rdu2.redhat.com","com.redhat.component":"ubi8-minimal-container","com.redhat.license_terms":"https://www.redhat.com/en/about/red-hat-end-user-license-agreements#UBI","description":"Common base image for Confluent's Docker images.","distribution-scope":"public","io.confluent.docker":"true","io.confluent.docker.build.number":"3","io.confluent.docker.git.id":"403b021b","io.confluent.docker.git.repo":"confluentinc/common-docker","io.k8s.description":"The Universal Base Image Minimal is a stripped down image that uses microdnf as a package manager. This base image is freely redistributable, but Red Hat only supports Red Hat technologies through subscriptions for Red Hat products. This image is maintained by Red Hat and updated regularly.","io.k8s.display-name":"Red Hat Universal Base Image 8 Minimal","io.openshift.expose-services":"","io.openshift.tags":"minimal rhel8","maintainer":"partner-support@confluent.io","name":"cp-ksqldb-examples","release":"7.2.1","summary":"Confluent KSQL is the streaming SQL engine that enables real-time data processing against Apache Kafka[0xffffffc2][0xffffffae].","url":"https://access.redhat.com/containers/#/registry.access.redhat.com/ubi8-minimal/images/8.6-854","vcs-ref":"50293e4ba66ca2194d8ee5a149a665cb9a375c71","vcs-type":"git","vendor":"Confluent","version":"7344f13b"},"ParentId":"","RepoDigests":["confluentinc/ksqldb-examples@sha256:5a59f4a9c6cca4563dd9347b1bf78d99d06ed4dc64e29ae502af016e60406a39"],"RepoTags":["confluentinc/ksqldb-examples:7.2.1"],"SharedSize":-1,"Size":832606285,"VirtualSize":832606285},{"Containers":-1,"Created":1657847689,"Id":"sha256:c98c34c4b3316f51df08c7fa4d3cc5de893e2fd7d28078208d1175ddb23554d5","Labels":{"architecture":"arm64","build-date":"2022-06-17T04:19:24.046256","com.redhat.build-host":"arm-003.osbs.prod.upshift.rdu2.redhat.com","com.redhat.component":"ubi8-minimal-container","com.redhat.license_terms":"https://www.redhat.com/en/about/red-hat-end-user-license-agreements#UBI","description":"Confluent KSQL is the streaming SQL engine that enables real-time data processing against Apache Kafka[0xffffffc2][0xffffffae].","distribution-scope":"public","io.confluent.docker":"true","io.confluent.docker.build.number":"2","io.confluent.docker.git.id":"7344f13b","io.confluent.docker.git.repo":"confluentinc/common-docker","io.k8s.description":"The Universal Base Image Minimal is a stripped down image that uses microdnf as a package manager. This base image is freely redistributable, but Red Hat only supports Red Hat technologies through subscriptions for Red Hat products. This image is maintained by Red Hat and updated regularly.","io.k8s.display-name":"Red Hat Universal Base Image 8 Minimal","io.openshift.expose-services":"","io.openshift.tags":"minimal rhel8","maintainer":"partner-support@confluent.io","name":"cp-ksqldb-server","release":"7.2.1","summary":"Confluent KSQL is the streaming SQL engine that enables real-time data processing against Apache Kafka[0xffffffc2][0xffffffae].","url":"https://access.redhat.com/containers/#/registry.access.redhat.com/ubi8-minimal/images/8.6-854","vcs-ref":"50293e4ba66ca2194d8ee5a149a665cb9a375c71","vcs-type":"git","vendor":"Confluent","version":"7344f13b"},"ParentId":"","RepoDigests":["confluentinc/cp-ksqldb-server@sha256:33c19570f56028494766305d9f5a92f5d7aaaa109275cb15356a79513b0bc61b"],"RepoTags":["confluentinc/cp-ksqldb-server:7.2.1"],"SharedSize":-1,"Size":1376222539,"VirtualSize":1376222539},{"Containers":-1,"Created":1657847478,"Id":"sha256:33036f1d1ff81a29124be075c060f7580142d4d2c65440a9678309fde33f4394","Labels":{"architecture":"arm64","build-date":"2022-06-17T04:19:24.046256","com.redhat.build-host":"arm-003.osbs.prod.upshift.rdu2.redhat.com","com.redhat.component":"ubi8-minimal-container","com.redhat.license_terms":"https://www.redhat.com/en/about/red-hat-end-user-license-agreements#UBI","description":"Common base image for Confluent's Docker images.","distribution-scope":"public","io.confluent.docker":"true","io.confluent.docker.build.number":"2","io.confluent.docker.git.id":"7344f13b","io.confluent.docker.git.repo":"confluentinc/common-docker","io.k8s.description":"The Universal Base Image Minimal is a stripped down image that uses microdnf as a package manager. This base image is freely redistributable, but Red Hat only supports Red Hat technologies through subscriptions for Red Hat products. This image is maintained by Red Hat and updated regularly.","io.k8s.display-name":"Red Hat Universal Base Image 8 Minimal","io.openshift.expose-services":"","io.openshift.tags":"minimal rhel8","maintainer":"partner-support@confluent.io","name":"cp-ksqldb-cli","release":"7.2.1","summary":"Confluent KSQL is the streaming SQL engine that enables real-time data processing against Apache Kafka[0xffffffc2][0xffffffae].","url":"https://access.redhat.com/containers/#/registry.access.redhat.com/ubi8-minimal/images/8.6-854","vcs-ref":"50293e4ba66ca2194d8ee5a149a665cb9a375c71","vcs-type":"git","vendor":"Confluent","version":"7344f13b"},"ParentId":"","RepoDigests":["confluentinc/cp-ksqldb-cli@sha256:644123e93c12fcf10a25d1d1e9ccb726af8de0197bdbf9496f15de462101c5eb"],"RepoTags":["confluentinc/cp-ksqldb-cli:7.2.1"],"SharedSize":-1,"Size":876074594,"VirtualSize":876074594},{"Containers":-1,"Created":1657846435,"Id":"sha256:cbe6067157e41d70f59773686c090afa16f18d70bed38c2f6fc60ecb2f24c9aa","Labels":{"architecture":"arm64","build-date":"2022-06-17T04:19:24.046256","com.redhat.build-host":"arm-003.osbs.prod.upshift.rdu2.redhat.com","com.redhat.component":"ubi8-minimal-container","com.redhat.license_terms":"https://www.redhat.com/en/about/red-hat-end-user-license-agreements#UBI","description":"Confluent Schema Registry provides a RESTful interface for developers to define standard schemas for their events, share them across the organization and safely evolve them in a way that is backward compatible and future proof.","distribution-scope":"public","io.confluent.docker":"true","io.confluent.docker.build.number":"2","io.confluent.docker.git.id":"dc3b7d5","io.confluent.docker.git.repo":"confluentinc/schema-registry-images","io.k8s.description":"The Universal Base Image Minimal is a stripped down image that uses microdnf as a package manager. This base image is freely redistributable, but Red Hat only supports Red Hat technologies through subscriptions for Red Hat products. This image is maintained by Red Hat and updated regularly.","io.k8s.display-name":"Red Hat Universal Base Image 8 Minimal","io.openshift.expose-services":"","io.openshift.tags":"minimal rhel8","maintainer":"partner-support@confluent.io","name":"cp-schema-registry","release":"7.2.1","summary":"Confluent Schema Registry provides a RESTful interface for developers to define standard schemas for their events, share them across the organization and safely evolve them in a way that is backward compatible and future proof.","url":"https://access.redhat.com/containers/#/registry.access.redhat.com/ubi8-minimal/images/8.6-854","vcs-ref":"50293e4ba66ca2194d8ee5a149a665cb9a375c71","vcs-type":"git","vendor":"Confluent","version":"dc3b7d5"},"ParentId":"","RepoDigests":["confluentinc/cp-schema-registry@sha256:1934ba0e2d44eedf5a852037248a367e58ab54b910c31804b069f93e8831d8e3"],"RepoTags":["confluentinc/cp-schema-registry:7.2.1"],"SharedSize":-1,"Size":1873791997,"VirtualSize":1873791997},{"Containers":-1,"Created":1657846390,"Id":"sha256:b70bfff778d29ed323014303d87945aec0957156c91459752369a69f1f4e5bd9","Labels":{"architecture":"arm64","build-date":"2022-06-17T04:19:24.046256","com.redhat.build-host":"arm-003.osbs.prod.upshift.rdu2.redhat.com","com.redhat.component":"ubi8-minimal-container","com.redhat.license_terms":"https://www.redhat.com/en/about/red-hat-end-user-license-agreements#UBI","description":"Confluent Control Center is a web-based graphical user interface that helps you operate and build event streaming applications with Apache Kafka.","distribution-scope":"public","io.confluent.docker":"true","io.confluent.docker.build.number":"2","io.confluent."
20:48:20.233 [main] DEBUG com.github.dockerjava.zerodep.shaded.org.apache.hc.client5.http.wire - http-outgoing-0 << "docker.git.id":"b8e8c41","io.confluent.docker.git.repo":"confluentinc/control-center-images","io.k8s.description":"The Universal Base Image Minimal is a stripped down image that uses microdnf as a package manager. This base image is freely redistributable, but Red Hat only supports Red Hat technologies through subscriptions for Red Hat products. This image is maintained by Red Hat and updated regularly.","io.k8s.display-name":"Red Hat Universal Base Image 8 Minimal","io.openshift.expose-services":"","io.openshift.tags":"minimal rhel8","maintainer":"partner-support@confluent.io","name":"cp-enterprise-control-center","release":"7.2.1","summary":"Confluent Control Center is a web-based graphical user interface that helps you operate and build event streaming applications with Apache Kafka.","url":"https://access.redhat.com/containers/#/registry.access.redhat.com/ubi8-minimal/images/8.6-854","vcs-ref":"50293e4ba66ca2194d8ee5a149a665cb9a375c71","vcs-type":"git","vendor":"Confluent","version":"b8e8c41"},"ParentId":"","RepoDigests":["confluentinc/cp-enterprise-control-center@sha256:a1ea489989722b6659b22af1a3156316d6428f86dab96192afb4152874571871"],"RepoTags":["confluentinc/cp-enterprise-control-center:7.2.1"],"SharedSize":-1,"Size":1245981930,"VirtualSize":1245981930},{"Containers":-1,"Created":1657846327,"Id":"sha256:cfe06ccf0dee16437b60bb582b34dfda79448d222c24b2443adbcb8fa1e44a88","Labels":{"architecture":"arm64","build-date":"2022-06-17T04:19:24.046256","com.redhat.build-host":"arm-003.osbs.prod.upshift.rdu2.redhat.com","com.redhat.component":"ubi8-minimal-container","com.redhat.license_terms":"https://www.redhat.com/en/about/red-hat-end-user-license-agreements#UBI","description":"Confluent platform server image.","distribution-scope":"public","io.confluent.docker":"true","io.confluent.docker.build.number":"2","io.confluent.docker.git.id":"a46aa7fd","io.confluent.docker.git.repo":"confluentinc/kafka-images","io.k8s.description":"The Universal Base Image Minimal is a stripped down image that uses microdnf as a package manager. This base image is freely redistributable, but Red Hat only supports Red Hat technologies through subscriptions for Red Hat products. This image is maintained by Red Hat and updated regularly.","io.k8s.display-name":"Red Hat Universal Base Image 8 Minimal","io.openshift.expose-services":"","io.openshift.tags":"minimal rhel8","maintainer":"partner-support@confluent.io","name":"cp-server","release":"7.2.1","summary":"Confluent platform server image.","url":"https://access.redhat.com/containers/#/registry.access.redhat.com/ubi8-minimal/images/8.6-854","vcs-ref":"50293e4ba66ca2194d8ee5a149a665cb9a375c71","vcs-type":"git","vendor":"Confluent","version":"a46aa7fd"},"ParentId":"","RepoDigests":["confluentinc/cp-server@sha256:72694cedfa9877b2dd86e5d85466a740eb7b9ca8c393f2bf393e479a2cc506a7"],"RepoTags":["confluentinc/cp-server:7.2.1"],"SharedSize":-1,"Size":1684771974,"VirtualSize":1684771974},{"Containers":-1,"Created":1657846242,"Id":"sha256:c289b1634998e3dca325ea6b0d05cc376d755bbef8f5cc30617b265443af3881","Labels":{"architecture":"arm64","build-date":"2022-06-17T04:19:24.046256","com.redhat.build-host":"arm-003.osbs.prod.upshift.rdu2.redhat.com","com.redhat.component":"ubi8-minimal-container","com.redhat.license_terms":"https://www.redhat.com/en/about/red-hat-end-user-license-agreements#UBI","description":"ZooKeeper is a centralized service for maintaining configuration information, naming, providing distributed synchronization, and providing group services.","distribution-scope":"public","io.confluent.docker":"true","io.confluent.docker.build.number":"2","io.confluent.docker.git.id":"a46aa7fd","io.confluent.docker.git.repo":"confluentinc/kafka-images","io.k8s.description":"The Universal Base Image Minimal is a stripped down image that uses microdnf as a package manager. This base image is freely redistributable, but Red Hat only supports Red Hat technologies through subscriptions for Red Hat products. This image is maintained by Red Hat and updated regularly.","io.k8s.display-name":"Red Hat Universal Base Image 8 Minimal","io.openshift.expose-services":"","io.openshift.tags":"minimal rhel8","maintainer":"partner-support@confluent.io","name":"cp-zookeeper","release":"7.2.1","summary":"ZooKeeper is a centralized service for maintaining configuration information, naming, providing distributed synchronization, and providing group services.","url":"https://access.redhat.com/containers/#/registry.access.redhat.com/ubi8-minimal/images/8.6-854","vcs-ref":"50293e4ba66ca2194d8ee5a149a665cb9a375c71","vcs-type":"git","vendor":"Confluent","version":"a46aa7fd"},"ParentId":"","RepoDigests":["confluentinc/cp-zookeeper@sha256:a09fad082e136eb63c1b63c4a13c7b90ec9584a8d03c70a61fc94a4137bf2a09"],"RepoTags":["confluentinc/cp-zookeeper:7.2.1"],"SharedSize":-1,"Size":800551877,"VirtualSize":800551877},{"Containers":-1,"Created":1657846143,"Id":"sha256:14d07ea1536121b5894c1b88e6f0cc1a2d52bbfcd7b17d14c9f5a5a76f93d4ce","Labels":{"architecture":"arm64","build-date":"2022-06-17T04:19:24.046256","com.redhat.build-host":"arm-003.osbs.prod.upshift.rdu2.redhat.com","com.redhat.component":"ubi8-minimal-container","com.redhat.license_terms":"https://www.redhat.com/en/about/red-hat-end-user-license-agreements#UBI","description":"Common base image for Confluent's Docker images.","distribution-scope":"public","io.confluent.docker":"true","io.confluent.docker.build.number":"3","io.confluent.docker.git.id":"403b021b","io.confluent.docker.git.repo":"confluentinc/kafka-rest-images","io.k8s.description":"The Universal Base Image Minimal is a stripped down image that uses microdnf as a package manager. This base image is freely redistributable, but Red Hat only supports Red Hat technologies through subscriptions for Red Hat products. This image is maintained by Red Hat and updated regularly.","io.k8s.display-name":"Red Hat Universal Base Image 8 Minimal","io.openshift.expose-services":"","io.openshift.tags":"minimal rhel8","maintainer":"partner-support@confluent.io","name":"cp-kafka-rest","release":"7.2.1","summary":"The Confluent REST Proxy provides a RESTful interface to a Kafka cluster, making it easy to produce and consume messages, view the state of the cluster, and perform administrative actions without using the native Kafka protocol or clients.","url":"https://access.redhat.com/containers/#/registry.access.redhat.com/ubi8-minimal/images/8.6-854","vcs-ref":"50293e4ba66ca2194d8ee5a149a665cb9a375c71","vcs-type":"git","vendor":"Confluent","version":"3dbc70c"},"ParentId":"","RepoDigests":["confluentinc/cp-kafka-rest@sha256:22917ed388dda5eb420079eda44c3e32a9774b27de7336754f3ac92427e4c3f6"],"RepoTags":["confluentinc/cp-kafka-rest:7.2.1"],"SharedSize":-1,"Size":1779766381,"VirtualSize":1779766381},{"Containers":-1,"Created":1652707667,"Id":"sha256:bcce91d46fe0745a8e41b0bd3b3203fa043102bacdd4c962db278f03f71bf51f","Labels":{"architecture":"arm64","build-date":"2022-05-03T08:57:56.168404","com.redhat.build-host":"arm-002.osbs.prod.upshift.rdu2.redhat.com","com.redhat.component":"ubi8-minimal-container","com.redhat.license_terms":"https://www.redhat.com/en/about/red-hat-end-user-license-agreements#UBI","description":"The Universal Base Image Minimal is a stripped down image that uses microdnf as a package manager. This base image is freely redistributable, but Red Hat only supports Red Hat technologies through subscriptions for Red Hat products. This image is maintained by Red Hat and updated regularly.","distribution-scope":"public","io.k8s.description":"The Universal Base Image Minimal is a stripped down image that uses microdnf as a package manager. This base image is freely redistributable, but Red Hat only supports Red Hat technologies through subscriptions for Red Hat products. This image is maintained by Red Hat and updated regularly.","io.k8s.display-name":"Red Hat Universal Base Image 8 Minimal","io.openshift.expose-services":"","io.openshift.tags":"minimal rhel8","maintai"
20:48:20.234 [main] DEBUG com.github.dockerjava.zerodep.shaded.org.apache.hc.client5.http.wire - http-outgoing-0 << "ner":"Red Hat, Inc.","name":"ubi8-minimal","org.opencontainers.image.created":"2022-05-16T13:26:10.973Z","org.opencontainers.image.description":"Open Source Identity and Access Management For Modern Applications and Services","org.opencontainers.image.licenses":"Apache-2.0","org.opencontainers.image.revision":"ef47eee2dda29a0f08187ae67970323c28947f11","org.opencontainers.image.source":"https://github.com/keycloak/keycloak","org.opencontainers.image.title":"keycloak","org.opencontainers.image.url":"https://github.com/keycloak/keycloak","org.opencontainers.image.version":"18.0.0","release":"751","summary":"Provides the latest release of the minimal Red Hat Universal Base Image 8.","url":"https://access.redhat.com/containers/#/registry.access.redhat.com/ubi8-minimal/images/8.6-751","vcs-ref":"50293e4ba66ca2194d8ee5a149a665cb9a375c71","vcs-type":"git","vendor":"Red Hat, Inc.","version":"8.6"},"ParentId":"","RepoDigests":["quay.io/keycloak/keycloak@sha256:7f80b2c243c738761bb8702c16b7f30da40426604f2c18a5767492917ca886dc"],"RepoTags":["quay.io/keycloak/keycloak:18.0.0"],"SharedSize":-1,"Size":562040986,"VirtualSize":562040986},{"Containers":-1,"Created":1651029468,"Id":"sha256:c49ba8e926918d81dc694e46800d1c2e1b26a529769445b396f5639742b82127","Labels":null,"ParentId":"","RepoDigests":["mysql/mysql-server@sha256:1a8d2a5584e53a42a43cbd430ae340a36942afee9e14a86624a2cb2d90ce655b"],"RepoTags":["mysql/mysql-server:latest"],"SharedSize":-1,"Size":488973865,"VirtualSize":488973865},{"Containers":-1,"Created":1649780566,"Id":"sha256:75be6f0c150c73e7f9df370f54a37c9db324fbef14bd86cb91ddecb11e538ec8","Labels":{"architecture":"x86_64","build-date":"2022-03-28T09:21:44.133397","com.redhat.build-host":"cpt-1008.osbs.prod.upshift.rdu2.redhat.com","com.redhat.component":"ubi8-minimal-container","com.redhat.license_terms":"https://www.redhat.com/en/about/red-hat-end-user-license-agreements#UBI","description":"Confluent platform server connect image.","distribution-scope":"public","io.confluent.docker":"true","io.confluent.docker.build.number":"6","io.confluent.docker.git.id":"a39d0361","io.confluent.docker.git.repo":"confluentinc/kafka-images","io.k8s.description":"The Universal Base Image Minimal is a stripped down image that uses microdnf as a package manager. This base image is freely redistributable, but Red Hat only supports Red Hat technologies through subscriptions for Red Hat products. This image is maintained by Red Hat and updated regularly.","io.k8s.display-name":"Red Hat Universal Base Image 8 Minimal","io.openshift.expose-services":"","io.openshift.tags":"minimal rhel8","maintainer":"partner-support@confluent.io","name":"cp-server-connect","release":"7.1.0","summary":"Confluent platform server connect image.","url":"https://access.redhat.com/containers/#/registry.access.redhat.com/ubi8-minimal/images/8.5-240.1648458092","vcs-ref":"7ffc2d965ea414fc38f42d93090d967a5aee2c33","vcs-type":"git","vendor":"Confluent","version":"a39d0361"},"ParentId":"","RepoDigests":["cnfldemos/cp-server-connect-datagen@sha256:ed1778223761bc51fbcc8df2f77412e565b537587a8f376ca5f6f676fe50c619"],"RepoTags":["cnfldemos/cp-server-connect-datagen:0.5.3-7.1.0"],"SharedSize":-1,"Size":2290617702,"VirtualSize":2290617702},{"Containers":-1,"Created":1642150348,"Id":"sha256:5950d3049f520e1bb5c159a3ae31f8b2cdaa75423d3599f306b8353a87808485","Labels":null,"ParentId":"","RepoDigests":["koolwithk/sonarqube-arm@sha256:aba1d0a7d2655390d3766dd3664817dca40e2e1a3e324449002a83549e305463"],"RepoTags":["koolwithk/sonarqube-arm:9.2.4-community"],"SharedSize":-1,"Size":509544520,"VirtualSize":509544520}][\n]"
20:48:20.235 [main] DEBUG com.github.dockerjava.zerodep.shaded.org.apache.hc.client5.http.wire - http-outgoing-0 << "[\r][\n]"
20:48:20.235 [main] DEBUG com.github.dockerjava.zerodep.shaded.org.apache.hc.client5.http.wire - http-outgoing-0 << "0[\r][\n]"
20:48:20.235 [main] DEBUG com.github.dockerjava.zerodep.shaded.org.apache.hc.client5.http.wire - http-outgoing-0 << "[\r][\n]"
20:48:20.235 [main] DEBUG com.github.dockerjava.zerodep.shaded.org.apache.hc.client5.http.impl.classic.InternalHttpClient - ep-00000002: releasing valid endpoint
20:48:20.235 [main] DEBUG com.github.dockerjava.zerodep.shaded.org.apache.hc.client5.http.impl.io.PoolingHttpClientConnectionManager - ep-00000002: releasing endpoint
20:48:20.235 [main] DEBUG com.github.dockerjava.zerodep.shaded.org.apache.hc.client5.http.impl.io.PoolingHttpClientConnectionManager - ep-00000002: connection http-outgoing-0 can be kept alive for 3 MINUTES
20:48:20.235 [main] DEBUG com.github.dockerjava.zerodep.shaded.org.apache.hc.client5.http.impl.io.PoolingHttpClientConnectionManager - ep-00000002: connection released [route: {}->unix://localhost:2375][total available: 1; route allocated: 1 of 2147483647; total allocated: 1 of 2147483647]
20:48:20.236 [main] DEBUG 🐳 [testcontainers/ryuk:0.3.3] - testcontainers/ryuk:0.3.3 is not in image name cache, updating...
20:48:20.237 [main] DEBUG org.testcontainers.shaded.com.github.dockerjava.core.command.AbstrDockerCmd - Cmd: testcontainers/ryuk:0.3.3
20:48:20.239 [main] DEBUG com.github.dockerjava.zerodep.shaded.org.apache.hc.client5.http.impl.classic.InternalHttpClient - ex-00000004: preparing request execution
20:48:20.239 [main] DEBUG com.github.dockerjava.zerodep.shaded.org.apache.hc.client5.http.protocol.RequestAddCookies - Cookie spec selected: strict
20:48:20.239 [main] DEBUG com.github.dockerjava.zerodep.shaded.org.apache.hc.client5.http.protocol.RequestAuthCache - Auth cache not set in the context
20:48:20.239 [main] DEBUG com.github.dockerjava.zerodep.shaded.org.apache.hc.client5.http.impl.classic.ProtocolExec - ex-00000004: target auth state: UNCHALLENGED
20:48:20.239 [main] DEBUG com.github.dockerjava.zerodep.shaded.org.apache.hc.client5.http.impl.classic.ProtocolExec - ex-00000004: proxy auth state: UNCHALLENGED
20:48:20.239 [main] DEBUG com.github.dockerjava.zerodep.shaded.org.apache.hc.client5.http.impl.classic.ConnectExec - ex-00000004: acquiring connection with route {}->unix://localhost:2375
20:48:20.239 [main] DEBUG com.github.dockerjava.zerodep.shaded.org.apache.hc.client5.http.impl.classic.InternalHttpClient - ex-00000004: acquiring endpoint (3 MINUTES)
20:48:20.239 [main] DEBUG com.github.dockerjava.zerodep.shaded.org.apache.hc.client5.http.impl.io.PoolingHttpClientConnectionManager - ex-00000004: endpoint lease request (3 MINUTES) [route: {}->unix://localhost:2375][total available: 1; route allocated: 1 of 2147483647; total allocated: 1 of 2147483647]
20:48:20.239 [main] DEBUG com.github.dockerjava.zerodep.shaded.org.apache.hc.client5.http.impl.io.PoolingHttpClientConnectionManager - ex-00000004: endpoint leased [route: {}->unix://localhost:2375][total available: 0; route allocated: 1 of 2147483647; total allocated: 1 of 2147483647]
20:48:20.239 [main] DEBUG com.github.dockerjava.zerodep.shaded.org.apache.hc.client5.http.impl.io.PoolingHttpClientConnectionManager - ex-00000004: acquired ep-00000003
20:48:20.239 [main] DEBUG com.github.dockerjava.zerodep.shaded.org.apache.hc.client5.http.impl.classic.InternalHttpClient - ex-00000004: acquired endpoint ep-00000003
20:48:20.239 [main] DEBUG com.github.dockerjava.zerodep.shaded.org.apache.hc.client5.http.impl.classic.MainClientExec - ex-00000004: executing GET /v1.32/images/testcontainers%2Fryuk:0.3.3/json HTTP/1.1
20:48:20.239 [main] DEBUG com.github.dockerjava.zerodep.shaded.org.apache.hc.client5.http.impl.classic.InternalHttpClient - ep-00000003: start execution ex-00000004
20:48:20.239 [main] DEBUG com.github.dockerjava.zerodep.shaded.org.apache.hc.client5.http.impl.io.PoolingHttpClientConnectionManager - ep-00000003: executing exchange ex-00000004 over http-outgoing-0
20:48:20.239 [main] DEBUG com.github.dockerjava.zerodep.shaded.org.apache.hc.client5.http.headers - http-outgoing-0 >> GET /v1.32/images/testcontainers%2Fryuk:0.3.3/json HTTP/1.1
20:48:20.239 [main] DEBUG com.github.dockerjava.zerodep.shaded.org.apache.hc.client5.http.headers - http-outgoing-0 >> accept: application/json
20:48:20.239 [main] DEBUG com.github.dockerjava.zerodep.shaded.org.apache.hc.client5.http.headers - http-outgoing-0 >> x-tc-sid: 79c75580-927c-468d-9dfa-ca38cb35a17d
20:48:20.239 [main] DEBUG com.github.dockerjava.zerodep.shaded.org.apache.hc.client5.http.headers - http-outgoing-0 >> Accept-Encoding: gzip, x-gzip, deflate
20:48:20.239 [main] DEBUG com.github.dockerjava.zerodep.shaded.org.apache.hc.client5.http.headers - http-outgoing-0 >> Host: localhost:2375
20:48:20.239 [main] DEBUG com.github.dockerjava.zerodep.shaded.org.apache.hc.client5.http.headers - http-outgoing-0 >> Connection: keep-alive
20:48:20.239 [main] DEBUG com.github.dockerjava.zerodep.shaded.org.apache.hc.client5.http.headers - http-outgoing-0 >> User-Agent: Apache-HttpClient/5.0.3 (Java/17.0.2)
20:48:20.239 [main] DEBUG com.github.dockerjava.zerodep.shaded.org.apache.hc.client5.http.wire - http-outgoing-0 >> "GET /v1.32/images/testcontainers%2Fryuk:0.3.3/json HTTP/1.1[\r][\n]"
20:48:20.239 [main] DEBUG com.github.dockerjava.zerodep.shaded.org.apache.hc.client5.http.wire - http-outgoing-0 >> "accept: application/json[\r][\n]"
20:48:20.239 [main] DEBUG com.github.dockerjava.zerodep.shaded.org.apache.hc.client5.http.wire - http-outgoing-0 >> "x-tc-sid: 79c75580-927c-468d-9dfa-ca38cb35a17d[\r][\n]"
20:48:20.239 [main] DEBUG com.github.dockerjava.zerodep.shaded.org.apache.hc.client5.http.wire - http-outgoing-0 >> "Accept-Encoding: gzip, x-gzip, deflate[\r][\n]"
20:48:20.239 [main] DEBUG com.github.dockerjava.zerodep.shaded.org.apache.hc.client5.http.wire - http-outgoing-0 >> "Host: localhost:2375[\r][\n]"
20:48:20.239 [main] DEBUG com.github.dockerjava.zerodep.shaded.org.apache.hc.client5.http.wire - http-outgoing-0 >> "Connection: keep-alive[\r][\n]"
20:48:20.239 [main] DEBUG com.github.dockerjava.zerodep.shaded.org.apache.hc.client5.http.wire - http-outgoing-0 >> "User-Agent: Apache-HttpClient/5.0.3 (Java/17.0.2)[\r][\n]"
20:48:20.239 [main] DEBUG com.github.dockerjava.zerodep.shaded.org.apache.hc.client5.http.wire - http-outgoing-0 >> "[\r][\n]"
20:48:20.249 [main] DEBUG com.github.dockerjava.zerodep.shaded.org.apache.hc.client5.http.wire - http-outgoing-0 << "HTTP/1.1 404 Not Found[\r][\n]"
20:48:20.249 [main] DEBUG com.github.dockerjava.zerodep.shaded.org.apache.hc.client5.http.wire - http-outgoing-0 << "Api-Version: 1.41[\r][\n]"
20:48:20.249 [main] DEBUG com.github.dockerjava.zerodep.shaded.org.apache.hc.client5.http.wire - http-outgoing-0 << "Content-Type: application/json[\r][\n]"
20:48:20.249 [main] DEBUG com.github.dockerjava.zerodep.shaded.org.apache.hc.client5.http.wire - http-outgoing-0 << "Date: Fri, 19 Aug 2022 00:48:20 GMT[\r][\n]"
20:48:20.249 [main] DEBUG com.github.dockerjava.zerodep.shaded.org.apache.hc.client5.http.wire - http-outgoing-0 << "Docker-Experimental: false[\r][\n]"
20:48:20.249 [main] DEBUG com.github.dockerjava.zerodep.shaded.org.apache.hc.client5.http.wire - http-outgoing-0 << "Ostype: linux[\r][\n]"
20:48:20.249 [main] DEBUG com.github.dockerjava.zerodep.shaded.org.apache.hc.client5.http.wire - http-outgoing-0 << "Server: Docker/20.10.14 (linux)[\r][\n]"
20:48:20.249 [main] DEBUG com.github.dockerjava.zerodep.shaded.org.apache.hc.client5.http.wire - http-outgoing-0 << "Transfer-Encoding: chunked[\r][\n]"
20:48:20.249 [main] DEBUG com.github.dockerjava.zerodep.shaded.org.apache.hc.client5.http.wire - http-outgoing-0 << "[\r][\n]"
20:48:20.249 [main] DEBUG com.github.dockerjava.zerodep.shaded.org.apache.hc.client5.http.headers - http-outgoing-0 << HTTP/1.1 404 Not Found
20:48:20.250 [main] DEBUG com.github.dockerjava.zerodep.shaded.org.apache.hc.client5.http.headers - http-outgoing-0 << Api-Version: 1.41
20:48:20.250 [main] DEBUG com.github.dockerjava.zerodep.shaded.org.apache.hc.client5.http.headers - http-outgoing-0 << Content-Type: application/json
20:48:20.250 [main] DEBUG com.github.dockerjava.zerodep.shaded.org.apache.hc.client5.http.headers - http-outgoing-0 << Date: Fri, 19 Aug 2022 00:48:20 GMT
20:48:20.250 [main] DEBUG com.github.dockerjava.zerodep.shaded.org.apache.hc.client5.http.headers - http-outgoing-0 << Docker-Experimental: false
20:48:20.250 [main] DEBUG com.github.dockerjava.zerodep.shaded.org.apache.hc.client5.http.headers - http-outgoing-0 << Ostype: linux
20:48:20.250 [main] DEBUG com.github.dockerjava.zerodep.shaded.org.apache.hc.client5.http.headers - http-outgoing-0 << Server: Docker/20.10.14 (linux)
20:48:20.250 [main] DEBUG com.github.dockerjava.zerodep.shaded.org.apache.hc.client5.http.headers - http-outgoing-0 << Transfer-Encoding: chunked
20:48:20.250 [main] DEBUG com.github.dockerjava.zerodep.shaded.org.apache.hc.client5.http.impl.classic.MainClientExec - ex-00000004: connection can be kept alive for 3 MINUTES
20:48:20.254 [main] DEBUG com.github.dockerjava.zerodep.shaded.org.apache.hc.client5.http.wire - http-outgoing-0 << "61[\r][\n]"
20:48:20.254 [main] DEBUG com.github.dockerjava.zerodep.shaded.org.apache.hc.client5.http.wire - http-outgoing-0 << "{"message":"no such image: testcontainers/ryuk:0.3.3: No such image: testcontainers/ryuk:0.3.3"}[\n]"
20:48:20.254 [main] DEBUG com.github.dockerjava.zerodep.shaded.org.apache.hc.client5.http.wire - http-outgoing-0 << "[\r][\n]"
20:48:20.254 [main] DEBUG com.github.dockerjava.zerodep.shaded.org.apache.hc.client5.http.wire - http-outgoing-0 << "0[\r][\n]"
20:48:20.254 [main] DEBUG com.github.dockerjava.zerodep.shaded.org.apache.hc.client5.http.wire - http-outgoing-0 << "[\r][\n]"
20:48:20.254 [main] DEBUG com.github.dockerjava.zerodep.shaded.org.apache.hc.client5.http.impl.classic.InternalHttpClient - ep-00000003: releasing valid endpoint
20:48:20.254 [main] DEBUG com.github.dockerjava.zerodep.shaded.org.apache.hc.client5.http.impl.io.PoolingHttpClientConnectionManager - ep-00000003: releasing endpoint
20:48:20.254 [main] DEBUG com.github.dockerjava.zerodep.shaded.org.apache.hc.client5.http.impl.io.PoolingHttpClientConnectionManager - ep-00000003: connection http-outgoing-0 can be kept alive for 3 MINUTES
20:48:20.254 [main] DEBUG com.github.dockerjava.zerodep.shaded.org.apache.hc.client5.http.impl.io.PoolingHttpClientConnectionManager - ep-00000003: connection released [route: {}->unix://localhost:2375][total available: 1; route allocated: 1 of 2147483647; total allocated: 1 of 2147483647]
20:48:20.254 [main] DEBUG org.testcontainers.images.AbstractImagePullPolicy - Not available locally, should pull image: testcontainers/ryuk:0.3.3
20:48:20.254 [main] INFO 🐳 [testcontainers/ryuk:0.3.3] - Pulling docker image: testcontainers/ryuk:0.3.3. Please be patient; this may take some time but only needs to be done once.
20:48:20.280 [main] DEBUG org.testcontainers.utility.RegistryAuthLocator - Looking up auth config for image: testcontainers/ryuk:latest at registry: https://index.docker.io/v1/
20:48:20.280 [main] DEBUG org.testcontainers.utility.RegistryAuthLocator - RegistryAuthLocator has configFile: /Users/fabricefoko/.docker/config.json (exists) and commandPathPrefix: 
20:48:20.281 [main] DEBUG org.testcontainers.utility.RegistryAuthLocator - registryName [https://index.docker.io/v1/] for dockerImageName [testcontainers/ryuk:latest]
20:48:20.281 [main] DEBUG org.testcontainers.utility.RegistryAuthLocator - Executing docker credential provider: docker-credential-desktop to locate auth config for: https://index.docker.io/v1/
20:48:20.284 [main] DEBUG org.testcontainers.shaded.org.zeroturnaround.exec.ProcessExecutor - Executing [docker-credential-desktop, get].
20:48:20.297 [main] DEBUG org.testcontainers.shaded.org.zeroturnaround.exec.ProcessExecutor - Started Process[pid=96469, exitValue="not exited"]
20:48:20.487 [WaitForProcess-Process[pid=96469, exitValue="not exited"]] DEBUG org.testcontainers.shaded.org.zeroturnaround.exec.WaitForProcess - Process[pid=96469, exitValue=0] stopped with exit code 0
20:48:20.488 [main] DEBUG org.testcontainers.utility.RegistryAuthLocator - Credential helper/store provided auth config for: https://index.docker.io/v1/
20:48:20.489 [main] DEBUG org.testcontainers.utility.RegistryAuthLocator - found creds store auth config [AuthConfig{username=fabrice7891, password=hidden non-blank value, auth=blank, email=null, registryAddress=https://index.docker.io/v1/, registryToken=blank}]
20:48:20.489 [main] DEBUG org.testcontainers.utility.RegistryAuthLocator - Cached auth found: [AuthConfig{username=fabrice7891, password=hidden non-blank value, auth=blank, email=null, registryAddress=https://index.docker.io/v1/, registryToken=blank}]
20:48:20.489 [main] DEBUG org.testcontainers.dockerclient.AuthDelegatingDockerClientConfig - Effective auth config [AuthConfig{username=fabrice7891, password=hidden non-blank value, auth=blank, email=null, registryAddress=https://index.docker.io/v1/, registryToken=blank}]
20:48:20.510 [docker-java-stream-809939826] DEBUG com.github.dockerjava.zerodep.shaded.org.apache.hc.client5.http.impl.classic.InternalHttpClient - ex-00000005: preparing request execution
[...]
20:48:51.172 [docker-java-stream--696499019] DEBUG com.github.dockerjava.zerodep.shaded.org.apache.hc.client5.http.impl.io.PoolingHttpClientConnectionManager - ep-00000016: releasing endpoint
20:48:51.172 [docker-java-stream--696499019] DEBUG com.github.dockerjava.zerodep.shaded.org.apache.hc.client5.http.impl.io.PoolingHttpClientConnectionManager - ep-00000016: connection is not kept alive
20:48:51.172 [docker-java-stream--696499019] DEBUG com.github.dockerjava.zerodep.shaded.org.apache.hc.client5.http.impl.io.PoolingHttpClientConnectionManager - ep-00000016: connection released [route: {}->unix://localhost:2375][total available: 0; route allocated: 0 of 2147483647; total allocated: 0 of 2147483647]
20:48:51.172 [main] DEBUG org.testcontainers.shaded.com.github.dockerjava.core.command.AbstrDockerCmd - Cmd: bb366928564eea60a522d813e4b0e1825aff9cccd7264c3d2485db750c05acb5
20:48:51.173 [main] DEBUG org.testcontainers.shaded.com.github.dockerjava.core.exec.InspectExecCmdExec - GET: DefaultWebTarget{path=[/exec/bb366928564eea60a522d813e4b0e1825aff9cccd7264c3d2485db750c05acb5/json], queryParams={}}
20:48:51.173 [main] DEBUG com.github.dockerjava.zerodep.shaded.org.apache.hc.client5.http.impl.classic.InternalHttpClient - ex-00000018: preparing request execution
20:48:51.173 [main] DEBUG com.github.dockerjava.zerodep.shaded.org.apache.hc.client5.http.protocol.RequestAddCookies - Cookie spec selected: strict
20:48:51.173 [main] DEBUG com.github.dockerjava.zerodep.shaded.org.apache.hc.client5.http.protocol.RequestAuthCache - Auth cache not set in the context
20:48:51.173 [main] DEBUG com.github.dockerjava.zerodep.shaded.org.apache.hc.client5.http.impl.classic.ProtocolExec - ex-00000018: target auth state: UNCHALLENGED
20:48:51.173 [main] DEBUG com.github.dockerjava.zerodep.shaded.org.apache.hc.client5.http.impl.classic.ProtocolExec - ex-00000018: proxy auth state: UNCHALLENGED
20:48:51.173 [main] DEBUG com.github.dockerjava.zerodep.shaded.org.apache.hc.client5.http.impl.classic.ConnectExec - ex-00000018: acquiring connection with route {}->unix://localhost:2375
20:48:51.173 [main] DEBUG com.github.dockerjava.zerodep.shaded.org.apache.hc.client5.http.impl.classic.InternalHttpClient - ex-00000018: acquiring endpoint (3 MINUTES)
20:48:51.173 [main] DEBUG com.github.dockerjava.zerodep.shaded.org.apache.hc.client5.http.impl.io.PoolingHttpClientConnectionManager - ex-00000018: endpoint lease request (3 MINUTES) [route: {}->unix://localhost:2375][total available: 0; route allocated: 0 of 2147483647; total allocated: 0 of 2147483647]
20:48:51.173 [main] DEBUG com.github.dockerjava.zerodep.shaded.org.apache.hc.client5.http.impl.io.PoolingHttpClientConnectionManager - ex-00000018: endpoint leased [route: {}->unix://localhost:2375][total available: 0; route allocated: 1 of 2147483647; total allocated: 1 of 2147483647]
20:48:51.173 [main] DEBUG com.github.dockerjava.zerodep.shaded.org.apache.hc.client5.http.impl.io.PoolingHttpClientConnectionManager - ex-00000018: acquired ep-00000017
20:48:51.173 [main] DEBUG com.github.dockerjava.zerodep.shaded.org.apache.hc.client5.http.impl.classic.InternalHttpClient - ex-00000018: acquired endpoint ep-00000017
20:48:51.173 [main] DEBUG com.github.dockerjava.zerodep.shaded.org.apache.hc.client5.http.impl.classic.ConnectExec - ex-00000018: opening connection {}->unix://localhost:2375
20:48:51.173 [main] DEBUG com.github.dockerjava.zerodep.shaded.org.apache.hc.client5.http.impl.classic.InternalHttpClient - ep-00000017: connecting endpoint (3 MINUTES)
20:48:51.173 [main] DEBUG com.github.dockerjava.zerodep.shaded.org.apache.hc.client5.http.impl.io.PoolingHttpClientConnectionManager - ep-00000017: connecting endpoint to unix://localhost:2375 (3 MINUTES)
20:48:51.173 [main] DEBUG com.github.dockerjava.zerodep.shaded.org.apache.hc.client5.http.impl.io.DefaultHttpClientConnectionOperator - http-outgoing-4: connecting to localhost/127.0.0.1:2375
20:48:51.173 [main] DEBUG com.github.dockerjava.zerodep.shaded.org.apache.hc.client5.http.impl.io.DefaultHttpClientConnectionOperator - http-outgoing-4: connection established /var/run/docker.sock<->/var/run/docker.sock
20:48:51.173 [main] DEBUG com.github.dockerjava.zerodep.shaded.org.apache.hc.client5.http.impl.io.PoolingHttpClientConnectionManager - ep-00000017: connected http-outgoing-4
20:48:51.173 [main] DEBUG com.github.dockerjava.zerodep.shaded.org.apache.hc.client5.http.impl.classic.InternalHttpClient - ep-00000017: endpoint connected
20:48:51.173 [main] DEBUG com.github.dockerjava.zerodep.shaded.org.apache.hc.client5.http.impl.classic.MainClientExec - ex-00000018: executing GET /v1.32/exec/bb366928564eea60a522d813e4b0e1825aff9cccd7264c3d2485db750c05acb5/json HTTP/1.1
20:48:51.173 [main] DEBUG com.github.dockerjava.zerodep.shaded.org.apache.hc.client5.http.impl.classic.InternalHttpClient - ep-00000017: start execution ex-00000018
20:48:51.173 [main] DEBUG com.github.dockerjava.zerodep.shaded.org.apache.hc.client5.http.impl.io.PoolingHttpClientConnectionManager - ep-00000017: executing exchange ex-00000018 over http-outgoing-4
20:48:51.173 [main] DEBUG com.github.dockerjava.zerodep.shaded.org.apache.hc.client5.http.headers - http-outgoing-4 >> GET /v1.32/exec/bb366928564eea60a522d813e4b0e1825aff9cccd7264c3d2485db750c05acb5/json HTTP/1.1
20:48:51.173 [main] DEBUG com.github.dockerjava.zerodep.shaded.org.apache.hc.client5.http.headers - http-outgoing-4 >> accept: application/json
20:48:51.173 [main] DEBUG com.github.dockerjava.zerodep.shaded.org.apache.hc.client5.http.headers - http-outgoing-4 >> x-tc-sid: 79c75580-927c-468d-9dfa-ca38cb35a17d
20:48:51.173 [main] DEBUG com.github.dockerjava.zerodep.shaded.org.apache.hc.client5.http.headers - http-outgoing-4 >> Accept-Encoding: gzip, x-gzip, deflate
20:48:51.173 [main] DEBUG com.github.dockerjava.zerodep.shaded.org.apache.hc.client5.http.headers - http-outgoing-4 >> Host: localhost:2375
20:48:51.173 [main] DEBUG com.github.dockerjava.zerodep.shaded.org.apache.hc.client5.http.headers - http-outgoing-4 >> Connection: keep-alive
20:48:51.173 [main] DEBUG com.github.dockerjava.zerodep.shaded.org.apache.hc.client5.http.headers - http-outgoing-4 >> User-Agent: Apache-HttpClient/5.0.3 (Java/17.0.2)
20:48:51.173 [main] DEBUG com.github.dockerjava.zerodep.shaded.org.apache.hc.client5.http.wire - http-outgoing-4 >> "GET /v1.32/exec/bb366928564eea60a522d813e4b0e1825aff9cccd7264c3d2485db750c05acb5/json HTTP/1.1[\r][\n]"
20:48:51.173 [main] DEBUG com.github.dockerjava.zerodep.shaded.org.apache.hc.client5.http.wire - http-outgoing-4 >> "accept: application/json[\r][\n]"
20:48:51.173 [main] DEBUG com.github.dockerjava.zerodep.shaded.org.apache.hc.client5.http.wire - http-outgoing-4 >> "x-tc-sid: 79c75580-927c-468d-9dfa-ca38cb35a17d[\r][\n]"
20:48:51.173 [main] DEBUG com.github.dockerjava.zerodep.shaded.org.apache.hc.client5.http.wire - http-outgoing-4 >> "Accept-Encoding: gzip, x-gzip, deflate[\r][\n]"
20:48:51.173 [main] DEBUG com.github.dockerjava.zerodep.shaded.org.apache.hc.client5.http.wire - http-outgoing-4 >> "Host: localhost:2375[\r][\n]"
20:48:51.173 [main] DEBUG com.github.dockerjava.zerodep.shaded.org.apache.hc.client5.http.wire - http-outgoing-4 >> "Connection: keep-alive[\r][\n]"
20:48:51.173 [main] DEBUG com.github.dockerjava.zerodep.shaded.org.apache.hc.client5.http.wire - http-outgoing-4 >> "User-Agent: Apache-HttpClient/5.0.3 (Java/17.0.2)[\r][\n]"
20:48:51.173 [main] DEBUG com.github.dockerjava.zerodep.shaded.org.apache.hc.client5.http.wire - http-outgoing-4 >> "[\r][\n]"
20:48:51.176 [main] DEBUG com.github.dockerjava.zerodep.shaded.org.apache.hc.client5.http.wire - http-outgoing-4 << "HTTP/1.1 200 OK[\r][\n]"
20:48:51.176 [main] DEBUG com.github.dockerjava.zerodep.shaded.org.apache.hc.client5.http.wire - http-outgoing-4 << "Api-Version: 1.41[\r][\n]"
20:48:51.176 [main] DEBUG com.github.dockerjava.zerodep.shaded.org.apache.hc.client5.http.wire - http-outgoing-4 << "Content-Type: application/json[\r][\n]"
20:48:51.176 [main] DEBUG com.github.dockerjava.zerodep.shaded.org.apache.hc.client5.http.wire - http-outgoing-4 << "Date: Fri, 19 Aug 2022 00:48:51 GMT[\r][\n]"
20:48:51.176 [main] DEBUG com.github.dockerjava.zerodep.shaded.org.apache.hc.client5.http.wire - http-outgoing-4 << "Docker-Experimental: false[\r][\n]"
20:48:51.176 [main] DEBUG com.github.dockerjava.zerodep.shaded.org.apache.hc.client5.http.wire - http-outgoing-4 << "Ostype: linux[\r][\n]"
20:48:51.176 [main] DEBUG com.github.dockerjava.zerodep.shaded.org.apache.hc.client5.http.wire - http-outgoing-4 << "Server: Docker/20.10.14 (linux)[\r][\n]"
20:48:51.176 [main] DEBUG com.github.dockerjava.zerodep.shaded.org.apache.hc.client5.http.wire - http-outgoing-4 << "Transfer-Encoding: chunked[\r][\n]"
20:48:51.176 [main] DEBUG com.github.dockerjava.zerodep.shaded.org.apache.hc.client5.http.wire - http-outgoing-4 << "[\r][\n]"
20:48:51.176 [main] DEBUG com.github.dockerjava.zerodep.shaded.org.apache.hc.client5.http.headers - http-outgoing-4 << HTTP/1.1 200 OK
20:48:51.176 [main] DEBUG com.github.dockerjava.zerodep.shaded.org.apache.hc.client5.http.headers - http-outgoing-4 << Api-Version: 1.41
20:48:51.176 [main] DEBUG com.github.dockerjava.zerodep.shaded.org.apache.hc.client5.http.headers - http-outgoing-4 << Content-Type: application/json
20:48:51.176 [main] DEBUG com.github.dockerjava.zerodep.shaded.org.apache.hc.client5.http.headers - http-outgoing-4 << Date: Fri, 19 Aug 2022 00:48:51 GMT
20:48:51.176 [main] DEBUG com.github.dockerjava.zerodep.shaded.org.apache.hc.client5.http.headers - http-outgoing-4 << Docker-Experimental: false
20:48:51.176 [main] DEBUG com.github.dockerjava.zerodep.shaded.org.apache.hc.client5.http.headers - http-outgoing-4 << Ostype: linux
20:48:51.176 [main] DEBUG com.github.dockerjava.zerodep.shaded.org.apache.hc.client5.http.headers - http-outgoing-4 << Server: Docker/20.10.14 (linux)
20:48:51.176 [main] DEBUG com.github.dockerjava.zerodep.shaded.org.apache.hc.client5.http.headers - http-outgoing-4 << Transfer-Encoding: chunked
20:48:51.177 [main] DEBUG com.github.dockerjava.zerodep.shaded.org.apache.hc.client5.http.impl.classic.MainClientExec - ex-00000018: connection can be kept alive for 3 MINUTES
20:48:51.179 [main] DEBUG com.github.dockerjava.zerodep.shaded.org.apache.hc.client5.http.wire - http-outgoing-4 << "254[\r][\n]"
20:48:51.179 [main] DEBUG com.github.dockerjava.zerodep.shaded.org.apache.hc.client5.http.wire - http-outgoing-4 << "{"ID":"bb366928564eea60a522d813e4b0e1825aff9cccd7264c3d2485db750c05acb5","Running":false,"ExitCode":0,"ProcessConfig":{"tty":false,"entrypoint":"mongo","arguments":["--eval","var attempt = 0; while(db.runCommand( { isMaster: 1 } ).ismaster==false) { if (attempt > 60) {quit(1);} print('An attempt to await for a single node replica set initialization: ' + attempt); sleep(100);  attempt++;  }"],"privileged":false},"OpenStdin":false,"OpenStderr":true,"OpenStdout":true,"CanRemove":false,"ContainerID":"55e8a39051746b6add291684a287f011921e67a19f796223d78b88cd90f88574","DetachKeys":"","Pid":3713}[\n]"
20:48:51.179 [main] DEBUG com.github.dockerjava.zerodep.shaded.org.apache.hc.client5.http.wire - http-outgoing-4 << "[\r][\n]"
20:48:51.179 [main] DEBUG com.github.dockerjava.zerodep.shaded.org.apache.hc.client5.http.wire - http-outgoing-4 << "0[\r][\n]"
20:48:51.179 [main] DEBUG com.github.dockerjava.zerodep.shaded.org.apache.hc.client5.http.wire - http-outgoing-4 << "[\r][\n]"
20:48:51.179 [main] DEBUG com.github.dockerjava.zerodep.shaded.org.apache.hc.client5.http.impl.classic.InternalHttpClient - ep-00000017: releasing valid endpoint
20:48:51.179 [main] DEBUG com.github.dockerjava.zerodep.shaded.org.apache.hc.client5.http.impl.io.PoolingHttpClientConnectionManager - ep-00000017: releasing endpoint
20:48:51.179 [main] DEBUG com.github.dockerjava.zerodep.shaded.org.apache.hc.client5.http.impl.io.PoolingHttpClientConnectionManager - ep-00000017: connection http-outgoing-4 can be kept alive for 3 MINUTES
20:48:51.179 [main] DEBUG com.github.dockerjava.zerodep.shaded.org.apache.hc.client5.http.impl.io.PoolingHttpClientConnectionManager - ep-00000017: connection released [route: {}->unix://localhost:2375][total available: 1; route allocated: 1 of 2147483647; total allocated: 1 of 2147483647]
20:48:51.179 [main] DEBUG org.testcontainers.containers.MongoDBContainer - MongoDB shell version v4.4.2
connecting to: mongodb://127.0.0.1:27017/?compressors=disabled&gssapiServiceName=mongodb
Implicit session: session { "id" : UUID("4d5bbfbb-8228-4c5d-8f8b-8bbe29b3b21c") }
MongoDB server version: 4.4.2


  .   ____          _            __ _ _
 /\\ / ___'_ __ _ _(_)_ __  __ _ \ \ \ \
( ( )\___ | '_ | '_| | '_ \/ _` | \ \ \ \
 \\/  ___)| |_)| | | | | || (_| |  ) ) ) )
  '  |____| .__|_| |_|_| |_\__, | / / / /
 =========|_|==============|___/=/_/_/_/
 :: Spring Boot ::                (v2.6.6)

2022-08-18 20:48:51.355  INFO 96462 --- [           main] c.f.p.ProductServApplicationTests        : Starting ProductServApplicationTests using Java 17.0.2 on Fabrices-MacBook-Pro.local with PID 96462 (started by fabricefoko in /Users/fabricefoko/Documents/Projets_JAVA/microservices-new/product-serv)
2022-08-18 20:48:51.356  INFO 96462 --- [           main] c.f.p.ProductServApplicationTests        : No active profile set, falling back to 1 default profile: "default"
2022-08-18 20:48:51.650  INFO 96462 --- [           main] .s.d.r.c.RepositoryConfigurationDelegate : Bootstrapping Spring Data MongoDB repositories in DEFAULT mode.
2022-08-18 20:48:51.725  INFO 96462 --- [           main] .s.d.r.c.RepositoryConfigurationDelegate : Finished Spring Data repository scanning in 72 ms. Found 1 MongoDB repository interfaces.
2022-08-18 20:48:51.846  INFO 96462 --- [           main] o.s.cloud.context.scope.GenericScope     : BeanFactory id=5d3fa701-ebc3-3afc-9757-9e50819bef35
2022-08-18 20:48:51.964  INFO 96462 --- [           main] org.mongodb.driver.cluster               : Cluster created with settings {hosts=[localhost:52586], mode=SINGLE, requiredClusterType=UNKNOWN, serverSelectionTimeout='30000 ms'}
2022-08-18 20:48:52.000  INFO 96462 --- [localhost:52586] org.mongodb.driver.connection            : Opened connection [connectionId{localValue:2, serverValue:3}] to localhost:52586
2022-08-18 20:48:52.000  INFO 96462 --- [localhost:52586] org.mongodb.driver.connection            : Opened connection [connectionId{localValue:1, serverValue:4}] to localhost:52586
2022-08-18 20:48:52.000  INFO 96462 --- [localhost:52586] org.mongodb.driver.cluster               : Monitor thread successfully connected to server with description ServerDescription{address=localhost:52586, type=REPLICA_SET_PRIMARY, state=CONNECTED, ok=true, minWireVersion=0, maxWireVersion=9, maxDocumentSize=16777216, logicalSessionTimeoutMinutes=30, roundTripTimeNanos=19439750, setName='docker-rs', canonicalAddress=55e8a3905174:27017, hosts=[55e8a3905174:27017], passives=[], arbiters=[], primary='55e8a3905174:27017', tagSet=TagSet{[]}, electionId=7fffffff0000000000000001, setVersion=1, topologyVersion=TopologyVersion{processId=62feddf22a19d2471c38ac19, counter=6}, lastWriteDate=Thu Aug 18 20:48:51 EDT 2022, lastUpdateTimeNanos=107825455222875}
2022-08-18 20:48:52.024  WARN 96462 --- [           main] o.s.data.convert.CustomConversions       : Registering converter from class java.time.LocalDateTime to class org.joda.time.LocalDateTime as reading converter although it doesn't convert from a store-supported type! You might want to check your annotation setup at the converter implementation.
2022-08-18 20:48:52.094  WARN 96462 --- [           main] o.s.data.convert.CustomConversions       : Registering converter from class java.time.LocalDateTime to class org.joda.time.LocalDateTime as reading converter although it doesn't convert from a store-supported type! You might want to check your annotation setup at the converter implementation.
2022-08-18 20:48:52.451  INFO 96462 --- [           main] o.s.b.t.m.w.SpringBootMockServletContext : Initializing Spring TestDispatcherServlet ''
2022-08-18 20:48:52.452  INFO 96462 --- [           main] o.s.t.web.servlet.TestDispatcherServlet  : Initializing Servlet ''
2022-08-18 20:48:52.452  INFO 96462 --- [           main] o.s.t.web.servlet.TestDispatcherServlet  : Completed initialization in 0 ms
2022-08-18 20:48:52.485  INFO 96462 --- [           main] DiscoveryClientOptionalArgsConfiguration : Eureka HTTP Client uses RestTemplate.
2022-08-18 20:48:52.541  WARN 96462 --- [           main] iguration$LoadBalancerCaffeineWarnLogger : Spring Cloud LoadBalancer is currently working with the default cache. While this cache implementation is useful for development and tests, it's recommended to use Caffeine cache in production.You can switch to using Caffeine cache, by adding it and org.springframework.cache.caffeine.CaffeineCacheManager to the classpath.
2022-08-18 20:48:52.552  INFO 96462 --- [           main] o.s.c.n.eureka.InstanceInfoFactory       : Setting initial instance status as: STARTING
2022-08-18 20:48:52.622  INFO 96462 --- [           main] com.netflix.discovery.DiscoveryClient    : Initializing Eureka in region us-east-1
2022-08-18 20:48:52.625  INFO 96462 --- [           main] c.n.d.s.r.aws.ConfigClusterResolver      : Resolving eureka endpoints via configuration
2022-08-18 20:48:52.652  INFO 96462 --- [           main] com.netflix.discovery.DiscoveryClient    : Disable delta property : false
2022-08-18 20:48:52.652  INFO 96462 --- [           main] com.netflix.discovery.DiscoveryClient    : Single vip registry refresh property : null
2022-08-18 20:48:52.652  INFO 96462 --- [           main] com.netflix.discovery.DiscoveryClient    : Force full registry fetch : false
2022-08-18 20:48:52.652  INFO 96462 --- [           main] com.netflix.discovery.DiscoveryClient    : Application is null : false
2022-08-18 20:48:52.652  INFO 96462 --- [           main] com.netflix.discovery.DiscoveryClient    : Registered Applications size is zero : true
2022-08-18 20:48:52.652  INFO 96462 --- [           main] com.netflix.discovery.DiscoveryClient    : Application version is -1: true
2022-08-18 20:48:52.652  INFO 96462 --- [           main] com.netflix.discovery.DiscoveryClient    : Getting all instance registry info from the eureka server
2022-08-18 20:48:52.913  INFO 96462 --- [           main] com.netflix.discovery.DiscoveryClient    : The response status is 200
2022-08-18 20:48:52.914  INFO 96462 --- [           main] com.netflix.discovery.DiscoveryClient    : Starting heartbeat executor: renew interval is: 30
2022-08-18 20:48:52.915  INFO 96462 --- [           main] c.n.discovery.InstanceInfoReplicator     : InstanceInfoReplicator onDemand update allowed rate per min is 4
2022-08-18 20:48:52.917  INFO 96462 --- [           main] com.netflix.discovery.DiscoveryClient    : Discovery Client initialized at timestamp 1660870132917 with initial instances count: 4
2022-08-18 20:48:52.919  INFO 96462 --- [           main] o.s.c.n.e.s.EurekaServiceRegistry        : Registering application PRODUCT-SERV with eureka with status UP
2022-08-18 20:48:52.919  INFO 96462 --- [           main] com.netflix.discovery.DiscoveryClient    : Saw local status change event StatusChangeEvent [timestamp=1660870132919, current=UP, previous=STARTING]
2022-08-18 20:48:52.919  INFO 96462 --- [nfoReplicator-0] com.netflix.discovery.DiscoveryClient    : DiscoveryClient_PRODUCT-SERV/192.168.2.11:product-serv:8086: registering service...
2022-08-18 20:48:52.927  INFO 96462 --- [           main] c.f.p.ProductServApplicationTests        : Started ProductServApplicationTests in 1.718 seconds (JVM running for 33.957)
2022-08-18 20:48:52.957  INFO 96462 --- [nfoReplicator-0] com.netflix.discovery.DiscoveryClient    : DiscoveryClient_PRODUCT-SERV/192.168.2.11:product-serv:8086 - registration status: 204
]]></system-out>
  </testcase>
</testsuite>